DEBUG - 2025-07-09 02:02:00 --> Session: Class initialized using 'CodeIgniter\Session\Handlers\FileHandler' driver.
DEBUG - 2025-07-09 02:02:03 --> Session: Class initialized using 'CodeIgniter\Session\Handlers\FileHandler' driver.
DEBUG - 2025-07-09 02:02:19 --> Session: Class initialized using 'CodeIgniter\Session\Handlers\FileHandler' driver.
DEBUG - 2025-07-09 02:02:20 --> Session: Class initialized using 'CodeIgniter\Session\Handlers\FileHandler' driver.
DEBUG - 2025-07-09 02:02:57 --> Session: Class initialized using 'CodeIgniter\Session\Handlers\FileHandler' driver.
DEBUG - 2025-07-09 02:02:57 --> Session: Class initialized using 'CodeIgniter\Session\Handlers\FileHandler' driver.
DEBUG - 2025-07-09 02:03:57 --> Session: Class initialized using 'CodeIgniter\Session\Handlers\FileHandler' driver.
DEBUG - 2025-07-09 02:03:57 --> Session: Class initialized using 'CodeIgniter\Session\Handlers\FileHandler' driver.
DEBUG - 2025-07-09 03:16:27 --> Session: Class initialized using 'CodeIgniter\Session\Handlers\FileHandler' driver.
DEBUG - 2025-07-09 03:16:30 --> Session: Class initialized using 'CodeIgniter\Session\Handlers\FileHandler' driver.
DEBUG - 2025-07-09 03:16:32 --> Session: Class initialized using 'CodeIgniter\Session\Handlers\FileHandler' driver.
DEBUG - 2025-07-09 03:16:36 --> Session: Class initialized using 'CodeIgniter\Session\Handlers\FileHandler' driver.
DEBUG - 2025-07-09 03:26:21 --> Session: Class initialized using 'CodeIgniter\Session\Handlers\FileHandler' driver.
DEBUG - 2025-07-09 03:26:22 --> Session: Class initialized using 'CodeIgniter\Session\Handlers\FileHandler' driver.
DEBUG - 2025-07-09 06:33:47 --> Session: Class initialized using 'CodeIgniter\Session\Handlers\FileHandler' driver.
DEBUG - 2025-07-09 06:33:50 --> Session: Class initialized using 'CodeIgniter\Session\Handlers\FileHandler' driver.
DEBUG - 2025-07-09 06:33:51 --> Session: Class initialized using 'CodeIgniter\Session\Handlers\FileHandler' driver.
DEBUG - 2025-07-09 06:33:53 --> Session: Class initialized using 'CodeIgniter\Session\Handlers\FileHandler' driver.
DEBUG - 2025-07-09 06:33:54 --> Session: Class initialized using 'CodeIgniter\Session\Handlers\FileHandler' driver.
ERROR - 2025-07-09 06:33:55 --> mysqli_sql_exception: Unknown column 'faculty.faculty_id' in 'field list' in C:\xampp\htdocs\CCIS-portal\system\Database\MySQLi\Connection.php:327
Stack trace:
#0 C:\xampp\htdocs\CCIS-portal\system\Database\MySQLi\Connection.php(327): mysqli->query('SELECT `class`....', 0)
#1 C:\xampp\htdocs\CCIS-portal\system\Database\BaseConnection.php(738): CodeIgniter\Database\MySQLi\Connection->execute('SELECT `class`....')
#2 C:\xampp\htdocs\CCIS-portal\system\Database\BaseConnection.php(652): CodeIgniter\Database\BaseConnection->simpleQuery('SELECT `class`....')
#3 C:\xampp\htdocs\CCIS-portal\system\Database\BaseBuilder.php(1649): CodeIgniter\Database\BaseConnection->query('SELECT `class`....', Array, false)
#4 C:\xampp\htdocs\CCIS-portal\system\Model.php(286): CodeIgniter\Database\BaseBuilder->get()
#5 C:\xampp\htdocs\CCIS-portal\system\BaseModel.php(679): CodeIgniter\Model->doFindAll(0, 0)
#6 C:\xampp\htdocs\CCIS-portal\app\Controllers\AdminController.php(383): CodeIgniter\BaseModel->findAll()
#7 C:\xampp\htdocs\CCIS-portal\system\CodeIgniter.php(933): App\Controllers\AdminController->view_classes()
#8 C:\xampp\htdocs\CCIS-portal\system\CodeIgniter.php(507): CodeIgniter\CodeIgniter->runController(Object(App\Controllers\AdminController))
#9 C:\xampp\htdocs\CCIS-portal\system\CodeIgniter.php(354): CodeIgniter\CodeIgniter->handleRequest(NULL, Object(Config\Cache), false)
#10 C:\xampp\htdocs\CCIS-portal\system\Boot.php(334): CodeIgniter\CodeIgniter->run()
#11 C:\xampp\htdocs\CCIS-portal\system\Boot.php(67): CodeIgniter\Boot::runCodeIgniter(Object(CodeIgniter\CodeIgniter))
#12 C:\xampp\htdocs\CCIS-portal\public\index.php(59): CodeIgniter\Boot::bootWeb(Object(Config\Paths))
#13 C:\xampp\htdocs\CCIS-portal\system\rewrite.php(44): require_once('C:\\xampp\\htdocs...')
#14 {main}
CRITICAL - 2025-07-09 06:33:55 --> CodeIgniter\Database\Exceptions\DatabaseException: Unknown column 'faculty.faculty_id' in 'field list'
[Method: GET, Route: admin/academics/classes]
in SYSTEMPATH\Database\BaseConnection.php on line 692.
 1 SYSTEMPATH\Database\BaseBuilder.php(1649): CodeIgniter\Database\BaseConnection->query('SELECT `class`.*, `course`.`course_code`, `course`.`course_description`, `semesters`.`semester`, `schoolyears`.`schoolyear`, `faculty`.`faculty_id`, `users`.`fname`, `users`.`lname`
FROM `class`
LEFT JOIN `course` ON `course`.`course_id` = `class`.`course_id`
LEFT JOIN `semesters` ON `semesters`.`semester_id` = `class`.`semester_id`
LEFT JOIN `schoolyears` ON `schoolyears`.`schoolyear_id` = `semesters`.`schoolyear_id`
LEFT JOIN `faculty` ON `faculty`.`faculty_id` = `class`.`faculty_id`
LEFT JOIN `users` ON `users`.`user_id` = `faculty`.`user_id`', [], false)
 2 SYSTEMPATH\Model.php(286): CodeIgniter\Database\BaseBuilder->get()
 3 SYSTEMPATH\BaseModel.php(679): CodeIgniter\Model->doFindAll(0, 0)
 4 APPPATH\Controllers\AdminController.php(383): CodeIgniter\BaseModel->findAll()
 5 SYSTEMPATH\CodeIgniter.php(933): App\Controllers\AdminController->view_classes()
 6 SYSTEMPATH\CodeIgniter.php(507): CodeIgniter\CodeIgniter->runController(Object(App\Controllers\AdminController))
 7 SYSTEMPATH\CodeIgniter.php(354): CodeIgniter\CodeIgniter->handleRequest(null, Object(Config\Cache), false)
 8 SYSTEMPATH\Boot.php(334): CodeIgniter\CodeIgniter->run()
 9 SYSTEMPATH\Boot.php(67): CodeIgniter\Boot::runCodeIgniter(Object(CodeIgniter\CodeIgniter))
10 FCPATH\index.php(59): CodeIgniter\Boot::bootWeb(Object(Config\Paths))
11 SYSTEMPATH\rewrite.php(44): require_once('C:\\xampp\\htdocs\\CCIS-portal\\public\\index.php')
CRITICAL - 2025-07-09 06:33:55 --> [Caused by] CodeIgniter\Database\Exceptions\DatabaseException: Unknown column 'faculty.faculty_id' in 'field list'
in SYSTEMPATH\Database\MySQLi\Connection.php on line 332.
 1 SYSTEMPATH\Database\BaseConnection.php(738): CodeIgniter\Database\MySQLi\Connection->execute('SELECT `class`.*, `course`.`course_code`, `course`.`course_description`, `semesters`.`semester`, `schoolyears`.`schoolyear`, `faculty`.`faculty_id`, `users`.`fname`, `users`.`lname`
FROM `class`
LEFT JOIN `course` ON `course`.`course_id` = `class`.`course_id`
LEFT JOIN `semesters` ON `semesters`.`semester_id` = `class`.`semester_id`
LEFT JOIN `schoolyears` ON `schoolyears`.`schoolyear_id` = `semesters`.`schoolyear_id`
LEFT JOIN `faculty` ON `faculty`.`faculty_id` = `class`.`faculty_id`
LEFT JOIN `users` ON `users`.`user_id` = `faculty`.`user_id`')
 2 SYSTEMPATH\Database\BaseConnection.php(652): CodeIgniter\Database\BaseConnection->simpleQuery('SELECT `class`.*, `course`.`course_code`, `course`.`course_description`, `semesters`.`semester`, `schoolyears`.`schoolyear`, `faculty`.`faculty_id`, `users`.`fname`, `users`.`lname`
FROM `class`
LEFT JOIN `course` ON `course`.`course_id` = `class`.`course_id`
LEFT JOIN `semesters` ON `semesters`.`semester_id` = `class`.`semester_id`
LEFT JOIN `schoolyears` ON `schoolyears`.`schoolyear_id` = `semesters`.`schoolyear_id`
LEFT JOIN `faculty` ON `faculty`.`faculty_id` = `class`.`faculty_id`
LEFT JOIN `users` ON `users`.`user_id` = `faculty`.`user_id`')
 3 SYSTEMPATH\Database\BaseBuilder.php(1649): CodeIgniter\Database\BaseConnection->query('SELECT `class`.*, `course`.`course_code`, `course`.`course_description`, `semesters`.`semester`, `schoolyears`.`schoolyear`, `faculty`.`faculty_id`, `users`.`fname`, `users`.`lname`
FROM `class`
LEFT JOIN `course` ON `course`.`course_id` = `class`.`course_id`
LEFT JOIN `semesters` ON `semesters`.`semester_id` = `class`.`semester_id`
LEFT JOIN `schoolyears` ON `schoolyears`.`schoolyear_id` = `semesters`.`schoolyear_id`
LEFT JOIN `faculty` ON `faculty`.`faculty_id` = `class`.`faculty_id`
LEFT JOIN `users` ON `users`.`user_id` = `faculty`.`user_id`', [], false)
 4 SYSTEMPATH\Model.php(286): CodeIgniter\Database\BaseBuilder->get()
 5 SYSTEMPATH\BaseModel.php(679): CodeIgniter\Model->doFindAll(0, 0)
 6 APPPATH\Controllers\AdminController.php(383): CodeIgniter\BaseModel->findAll()
 7 SYSTEMPATH\CodeIgniter.php(933): App\Controllers\AdminController->view_classes()
 8 SYSTEMPATH\CodeIgniter.php(507): CodeIgniter\CodeIgniter->runController(Object(App\Controllers\AdminController))
 9 SYSTEMPATH\CodeIgniter.php(354): CodeIgniter\CodeIgniter->handleRequest(null, Object(Config\Cache), false)
10 SYSTEMPATH\Boot.php(334): CodeIgniter\CodeIgniter->run()
11 SYSTEMPATH\Boot.php(67): CodeIgniter\Boot::runCodeIgniter(Object(CodeIgniter\CodeIgniter))
12 FCPATH\index.php(59): CodeIgniter\Boot::bootWeb(Object(Config\Paths))
13 SYSTEMPATH\rewrite.php(44): require_once('C:\\xampp\\htdocs\\CCIS-portal\\public\\index.php')
CRITICAL - 2025-07-09 06:33:55 --> [Caused by] mysqli_sql_exception: Unknown column 'faculty.faculty_id' in 'field list'
in SYSTEMPATH\Database\MySQLi\Connection.php on line 327.
 1 SYSTEMPATH\Database\MySQLi\Connection.php(327): mysqli->query('SELECT `class`.*, `course`.`course_code`, `course`.`course_description`, `semesters`.`semester`, `schoolyears`.`schoolyear`, `faculty`.`faculty_id`, `users`.`fname`, `users`.`lname`
FROM `class`
LEFT JOIN `course` ON `course`.`course_id` = `class`.`course_id`
LEFT JOIN `semesters` ON `semesters`.`semester_id` = `class`.`semester_id`
LEFT JOIN `schoolyears` ON `schoolyears`.`schoolyear_id` = `semesters`.`schoolyear_id`
LEFT JOIN `faculty` ON `faculty`.`faculty_id` = `class`.`faculty_id`
LEFT JOIN `users` ON `users`.`user_id` = `faculty`.`user_id`', 0)
 2 SYSTEMPATH\Database\BaseConnection.php(738): CodeIgniter\Database\MySQLi\Connection->execute('SELECT `class`.*, `course`.`course_code`, `course`.`course_description`, `semesters`.`semester`, `schoolyears`.`schoolyear`, `faculty`.`faculty_id`, `users`.`fname`, `users`.`lname`
FROM `class`
LEFT JOIN `course` ON `course`.`course_id` = `class`.`course_id`
LEFT JOIN `semesters` ON `semesters`.`semester_id` = `class`.`semester_id`
LEFT JOIN `schoolyears` ON `schoolyears`.`schoolyear_id` = `semesters`.`schoolyear_id`
LEFT JOIN `faculty` ON `faculty`.`faculty_id` = `class`.`faculty_id`
LEFT JOIN `users` ON `users`.`user_id` = `faculty`.`user_id`')
 3 SYSTEMPATH\Database\BaseConnection.php(652): CodeIgniter\Database\BaseConnection->simpleQuery('SELECT `class`.*, `course`.`course_code`, `course`.`course_description`, `semesters`.`semester`, `schoolyears`.`schoolyear`, `faculty`.`faculty_id`, `users`.`fname`, `users`.`lname`
FROM `class`
LEFT JOIN `course` ON `course`.`course_id` = `class`.`course_id`
LEFT JOIN `semesters` ON `semesters`.`semester_id` = `class`.`semester_id`
LEFT JOIN `schoolyears` ON `schoolyears`.`schoolyear_id` = `semesters`.`schoolyear_id`
LEFT JOIN `faculty` ON `faculty`.`faculty_id` = `class`.`faculty_id`
LEFT JOIN `users` ON `users`.`user_id` = `faculty`.`user_id`')
 4 SYSTEMPATH\Database\BaseBuilder.php(1649): CodeIgniter\Database\BaseConnection->query('SELECT `class`.*, `course`.`course_code`, `course`.`course_description`, `semesters`.`semester`, `schoolyears`.`schoolyear`, `faculty`.`faculty_id`, `users`.`fname`, `users`.`lname`
FROM `class`
LEFT JOIN `course` ON `course`.`course_id` = `class`.`course_id`
LEFT JOIN `semesters` ON `semesters`.`semester_id` = `class`.`semester_id`
LEFT JOIN `schoolyears` ON `schoolyears`.`schoolyear_id` = `semesters`.`schoolyear_id`
LEFT JOIN `faculty` ON `faculty`.`faculty_id` = `class`.`faculty_id`
LEFT JOIN `users` ON `users`.`user_id` = `faculty`.`user_id`', [], false)
 5 SYSTEMPATH\Model.php(286): CodeIgniter\Database\BaseBuilder->get()
 6 SYSTEMPATH\BaseModel.php(679): CodeIgniter\Model->doFindAll(0, 0)
 7 APPPATH\Controllers\AdminController.php(383): CodeIgniter\BaseModel->findAll()
 8 SYSTEMPATH\CodeIgniter.php(933): App\Controllers\AdminController->view_classes()
 9 SYSTEMPATH\CodeIgniter.php(507): CodeIgniter\CodeIgniter->runController(Object(App\Controllers\AdminController))
10 SYSTEMPATH\CodeIgniter.php(354): CodeIgniter\CodeIgniter->handleRequest(null, Object(Config\Cache), false)
11 SYSTEMPATH\Boot.php(334): CodeIgniter\CodeIgniter->run()
12 SYSTEMPATH\Boot.php(67): CodeIgniter\Boot::runCodeIgniter(Object(CodeIgniter\CodeIgniter))
13 FCPATH\index.php(59): CodeIgniter\Boot::bootWeb(Object(Config\Paths))
14 SYSTEMPATH\rewrite.php(44): require_once('C:\\xampp\\htdocs\\CCIS-portal\\public\\index.php')
DEBUG - 2025-07-09 06:33:57 --> Session: Class initialized using 'CodeIgniter\Session\Handlers\FileHandler' driver.
DEBUG - 2025-07-09 06:33:58 --> Session: Class initialized using 'CodeIgniter\Session\Handlers\FileHandler' driver.
