DEBUG - 2025-07-11 00:46:09 --> Session: Class initialized using 'CodeIgniter\Session\Handlers\FileHandler' driver.
DEBUG - 2025-07-11 01:29:02 --> Session: Class initialized using 'CodeIgniter\Session\Handlers\FileHandler' driver.
DEBUG - 2025-07-11 01:29:04 --> Session: Class initialized using 'CodeIgniter\Session\Handlers\FileHandler' driver.
DEBUG - 2025-07-11 01:29:44 --> Session: Class initialized using 'CodeIgniter\Session\Handlers\FileHandler' driver.
DEBUG - 2025-07-11 01:50:04 --> Session: Class initialized using 'CodeIgniter\Session\Handlers\FileHandler' driver.
DEBUG - 2025-07-11 01:50:05 --> Session: Class initialized using 'CodeIgniter\Session\Handlers\FileHandler' driver.
DEBUG - 2025-07-11 01:50:52 --> Session: Class initialized using 'CodeIgniter\Session\Handlers\FileHandler' driver.
DEBUG - 2025-07-11 01:50:54 --> Session: Class initialized using 'CodeIgniter\Session\Handlers\FileHandler' driver.
DEBUG - 2025-07-11 01:51:18 --> Session: Class initialized using 'CodeIgniter\Session\Handlers\FileHandler' driver.
DEBUG - 2025-07-11 01:52:02 --> Session: Class initialized using 'CodeIgniter\Session\Handlers\FileHandler' driver.
DEBUG - 2025-07-11 01:52:02 --> Session: Class initialized using 'CodeIgniter\Session\Handlers\FileHandler' driver.
DEBUG - 2025-07-11 01:52:56 --> Session: Class initialized using 'CodeIgniter\Session\Handlers\FileHandler' driver.
DEBUG - 2025-07-11 01:52:57 --> Session: Class initialized using 'CodeIgniter\Session\Handlers\FileHandler' driver.
DEBUG - 2025-07-11 01:54:02 --> Session: Class initialized using 'CodeIgniter\Session\Handlers\FileHandler' driver.
CRITICAL - 2025-07-11 01:54:02 --> ErrorException: Undefined array key "fname"
[Method: POST, Route: auth/login]
in APPPATH\Controllers\AuthController.php on line 62.
 1 APPPATH\Controllers\AuthController.php(62): CodeIgniter\Debug\Exceptions->errorHandler(2, 'Undefined array key "fname"', 'C:\\xampp\\htdocs\\CCIS-portal\\app\\Controllers\\AuthController.php', 62)
 2 SYSTEMPATH\CodeIgniter.php(933): App\Controllers\AuthController->authenticate()
 3 SYSTEMPATH\CodeIgniter.php(507): CodeIgniter\CodeIgniter->runController(Object(App\Controllers\AuthController))
 4 SYSTEMPATH\CodeIgniter.php(354): CodeIgniter\CodeIgniter->handleRequest(null, Object(Config\Cache), false)
 5 SYSTEMPATH\Boot.php(334): CodeIgniter\CodeIgniter->run()
 6 SYSTEMPATH\Boot.php(67): CodeIgniter\Boot::runCodeIgniter(Object(CodeIgniter\CodeIgniter))
 7 FCPATH\index.php(59): CodeIgniter\Boot::bootWeb(Object(Config\Paths))
 8 SYSTEMPATH\rewrite.php(44): require_once('C:\\xampp\\htdocs\\CCIS-portal\\public\\index.php')
DEBUG - 2025-07-11 01:58:15 --> Session: Class initialized using 'CodeIgniter\Session\Handlers\FileHandler' driver.
DEBUG - 2025-07-11 01:58:18 --> Session: Class initialized using 'CodeIgniter\Session\Handlers\FileHandler' driver.
DEBUG - 2025-07-11 01:58:25 --> Session: Class initialized using 'CodeIgniter\Session\Handlers\FileHandler' driver.
DEBUG - 2025-07-11 01:58:45 --> Session: Class initialized using 'CodeIgniter\Session\Handlers\FileHandler' driver.
DEBUG - 2025-07-11 01:59:13 --> Session: Class initialized using 'CodeIgniter\Session\Handlers\FileHandler' driver.
DEBUG - 2025-07-11 01:59:55 --> Session: Class initialized using 'CodeIgniter\Session\Handlers\FileHandler' driver.
DEBUG - 2025-07-11 01:59:56 --> Session: Class initialized using 'CodeIgniter\Session\Handlers\FileHandler' driver.
DEBUG - 2025-07-11 02:16:27 --> Session: Class initialized using 'CodeIgniter\Session\Handlers\FileHandler' driver.
DEBUG - 2025-07-11 02:16:56 --> Session: Class initialized using 'CodeIgniter\Session\Handlers\FileHandler' driver.
DEBUG - 2025-07-11 02:17:29 --> Session: Class initialized using 'CodeIgniter\Session\Handlers\FileHandler' driver.
DEBUG - 2025-07-11 02:17:44 --> Session: Class initialized using 'CodeIgniter\Session\Handlers\FileHandler' driver.
DEBUG - 2025-07-11 02:17:44 --> Session: Class initialized using 'CodeIgniter\Session\Handlers\FileHandler' driver.
DEBUG - 2025-07-11 02:20:46 --> Session: Class initialized using 'CodeIgniter\Session\Handlers\FileHandler' driver.
DEBUG - 2025-07-11 02:21:13 --> Session: Class initialized using 'CodeIgniter\Session\Handlers\FileHandler' driver.
DEBUG - 2025-07-11 02:22:15 --> Session: Class initialized using 'CodeIgniter\Session\Handlers\FileHandler' driver.
DEBUG - 2025-07-11 02:22:15 --> Session: Class initialized using 'CodeIgniter\Session\Handlers\FileHandler' driver.
DEBUG - 2025-07-11 02:28:46 --> Session: Class initialized using 'CodeIgniter\Session\Handlers\FileHandler' driver.
DEBUG - 2025-07-11 02:29:09 --> Session: Class initialized using 'CodeIgniter\Session\Handlers\FileHandler' driver.
DEBUG - 2025-07-11 02:30:15 --> Session: Class initialized using 'CodeIgniter\Session\Handlers\FileHandler' driver.
DEBUG - 2025-07-11 02:30:15 --> Session: Class initialized using 'CodeIgniter\Session\Handlers\FileHandler' driver.
DEBUG - 2025-07-11 02:33:41 --> Session: Class initialized using 'CodeIgniter\Session\Handlers\FileHandler' driver.
DEBUG - 2025-07-11 02:34:28 --> Session: Class initialized using 'CodeIgniter\Session\Handlers\FileHandler' driver.
DEBUG - 2025-07-11 02:34:58 --> Session: Class initialized using 'CodeIgniter\Session\Handlers\FileHandler' driver.
DEBUG - 2025-07-11 02:35:17 --> Session: Class initialized using 'CodeIgniter\Session\Handlers\FileHandler' driver.
DEBUG - 2025-07-11 02:35:17 --> Session: Class initialized using 'CodeIgniter\Session\Handlers\FileHandler' driver.
DEBUG - 2025-07-11 02:39:29 --> Session: Class initialized using 'CodeIgniter\Session\Handlers\FileHandler' driver.
DEBUG - 2025-07-11 02:39:58 --> Session: Class initialized using 'CodeIgniter\Session\Handlers\FileHandler' driver.
DEBUG - 2025-07-11 02:42:18 --> Session: Class initialized using 'CodeIgniter\Session\Handlers\FileHandler' driver.
DEBUG - 2025-07-11 02:42:18 --> Session: Class initialized using 'CodeIgniter\Session\Handlers\FileHandler' driver.
DEBUG - 2025-07-11 02:49:03 --> Session: Class initialized using 'CodeIgniter\Session\Handlers\FileHandler' driver.
DEBUG - 2025-07-11 02:49:20 --> Session: Class initialized using 'CodeIgniter\Session\Handlers\FileHandler' driver.
DEBUG - 2025-07-11 02:49:35 --> Session: Class initialized using 'CodeIgniter\Session\Handlers\FileHandler' driver.
DEBUG - 2025-07-11 02:49:48 --> Session: Class initialized using 'CodeIgniter\Session\Handlers\FileHandler' driver.
DEBUG - 2025-07-11 02:50:05 --> Session: Class initialized using 'CodeIgniter\Session\Handlers\FileHandler' driver.
DEBUG - 2025-07-11 02:50:05 --> Session: Class initialized using 'CodeIgniter\Session\Handlers\FileHandler' driver.
DEBUG - 2025-07-11 02:50:44 --> Session: Class initialized using 'CodeIgniter\Session\Handlers\FileHandler' driver.
DEBUG - 2025-07-11 03:00:47 --> Session: Class initialized using 'CodeIgniter\Session\Handlers\FileHandler' driver.
DEBUG - 2025-07-11 03:00:48 --> Session: Class initialized using 'CodeIgniter\Session\Handlers\FileHandler' driver.
DEBUG - 2025-07-11 03:01:03 --> Session: Class initialized using 'CodeIgniter\Session\Handlers\FileHandler' driver.
DEBUG - 2025-07-11 03:01:34 --> Session: Class initialized using 'CodeIgniter\Session\Handlers\FileHandler' driver.
DEBUG - 2025-07-11 03:01:34 --> Session: Class initialized using 'CodeIgniter\Session\Handlers\FileHandler' driver.
DEBUG - 2025-07-11 03:01:44 --> Session: Class initialized using 'CodeIgniter\Session\Handlers\FileHandler' driver.
DEBUG - 2025-07-11 03:01:44 --> Session: Class initialized using 'CodeIgniter\Session\Handlers\FileHandler' driver.
DEBUG - 2025-07-11 03:02:16 --> Session: Class initialized using 'CodeIgniter\Session\Handlers\FileHandler' driver.
CRITICAL - 2025-07-11 03:02:16 --> ErrorException: Undefined array key "fname"
[Method: POST, Route: auth/login]
in APPPATH\Controllers\AuthController.php on line 62.
 1 APPPATH\Controllers\AuthController.php(62): CodeIgniter\Debug\Exceptions->errorHandler(2, 'Undefined array key "fname"', 'C:\\xampp\\htdocs\\CCIS-portal\\app\\Controllers\\AuthController.php', 62)
 2 SYSTEMPATH\CodeIgniter.php(933): App\Controllers\AuthController->authenticate()
 3 SYSTEMPATH\CodeIgniter.php(507): CodeIgniter\CodeIgniter->runController(Object(App\Controllers\AuthController))
 4 SYSTEMPATH\CodeIgniter.php(354): CodeIgniter\CodeIgniter->handleRequest(null, Object(Config\Cache), false)
 5 SYSTEMPATH\Boot.php(334): CodeIgniter\CodeIgniter->run()
 6 SYSTEMPATH\Boot.php(67): CodeIgniter\Boot::runCodeIgniter(Object(CodeIgniter\CodeIgniter))
 7 FCPATH\index.php(59): CodeIgniter\Boot::bootWeb(Object(Config\Paths))
 8 SYSTEMPATH\rewrite.php(44): require_once('C:\\xampp\\htdocs\\CCIS-portal\\public\\index.php')
DEBUG - 2025-07-11 03:25:30 --> Session: Class initialized using 'CodeIgniter\Session\Handlers\FileHandler' driver.
DEBUG - 2025-07-11 03:25:42 --> Session: Class initialized using 'CodeIgniter\Session\Handlers\FileHandler' driver.
DEBUG - 2025-07-11 03:45:08 --> Session: Class initialized using 'CodeIgniter\Session\Handlers\FileHandler' driver.
DEBUG - 2025-07-11 03:45:09 --> Session: Class initialized using 'CodeIgniter\Session\Handlers\FileHandler' driver.
DEBUG - 2025-07-11 03:45:10 --> Session: Class initialized using 'CodeIgniter\Session\Handlers\FileHandler' driver.
DEBUG - 2025-07-11 03:55:24 --> Session: Class initialized using 'CodeIgniter\Session\Handlers\FileHandler' driver.
DEBUG - 2025-07-11 03:58:42 --> Session: Class initialized using 'CodeIgniter\Session\Handlers\FileHandler' driver.
DEBUG - 2025-07-11 04:50:25 --> Session: Class initialized using 'CodeIgniter\Session\Handlers\FileHandler' driver.
DEBUG - 2025-07-11 05:13:42 --> Session: Class initialized using 'CodeIgniter\Session\Handlers\FileHandler' driver.
DEBUG - 2025-07-11 05:14:13 --> Session: Class initialized using 'CodeIgniter\Session\Handlers\FileHandler' driver.
DEBUG - 2025-07-11 05:14:15 --> Session: Class initialized using 'CodeIgniter\Session\Handlers\FileHandler' driver.
DEBUG - 2025-07-11 05:14:37 --> Session: Class initialized using 'CodeIgniter\Session\Handlers\FileHandler' driver.
DEBUG - 2025-07-11 05:14:38 --> Session: Class initialized using 'CodeIgniter\Session\Handlers\FileHandler' driver.
DEBUG - 2025-07-11 05:15:01 --> Session: Class initialized using 'CodeIgniter\Session\Handlers\FileHandler' driver.
DEBUG - 2025-07-11 05:16:05 --> Session: Class initialized using 'CodeIgniter\Session\Handlers\FileHandler' driver.
DEBUG - 2025-07-11 05:16:07 --> Session: Class initialized using 'CodeIgniter\Session\Handlers\FileHandler' driver.
DEBUG - 2025-07-11 05:16:34 --> Session: Class initialized using 'CodeIgniter\Session\Handlers\FileHandler' driver.
DEBUG - 2025-07-11 05:16:59 --> Session: Class initialized using 'CodeIgniter\Session\Handlers\FileHandler' driver.
DEBUG - 2025-07-11 05:17:00 --> Session: Class initialized using 'CodeIgniter\Session\Handlers\FileHandler' driver.
DEBUG - 2025-07-11 05:23:55 --> Session: Class initialized using 'CodeIgniter\Session\Handlers\FileHandler' driver.
DEBUG - 2025-07-11 05:23:55 --> Session: Class initialized using 'CodeIgniter\Session\Handlers\FileHandler' driver.
DEBUG - 2025-07-11 05:23:59 --> Session: Class initialized using 'CodeIgniter\Session\Handlers\FileHandler' driver.
DEBUG - 2025-07-11 05:24:07 --> Session: Class initialized using 'CodeIgniter\Session\Handlers\FileHandler' driver.
DEBUG - 2025-07-11 05:25:18 --> Session: Class initialized using 'CodeIgniter\Session\Handlers\FileHandler' driver.
DEBUG - 2025-07-11 05:25:23 --> Session: Class initialized using 'CodeIgniter\Session\Handlers\FileHandler' driver.
DEBUG - 2025-07-11 05:26:11 --> Session: Class initialized using 'CodeIgniter\Session\Handlers\FileHandler' driver.
DEBUG - 2025-07-11 05:27:09 --> Session: Class initialized using 'CodeIgniter\Session\Handlers\FileHandler' driver.
DEBUG - 2025-07-11 05:27:22 --> Session: Class initialized using 'CodeIgniter\Session\Handlers\FileHandler' driver.
DEBUG - 2025-07-11 05:28:00 --> Session: Class initialized using 'CodeIgniter\Session\Handlers\FileHandler' driver.
DEBUG - 2025-07-11 05:32:37 --> Session: Class initialized using 'CodeIgniter\Session\Handlers\FileHandler' driver.
DEBUG - 2025-07-11 05:32:39 --> Session: Class initialized using 'CodeIgniter\Session\Handlers\FileHandler' driver.
DEBUG - 2025-07-11 05:32:53 --> Session: Class initialized using 'CodeIgniter\Session\Handlers\FileHandler' driver.
DEBUG - 2025-07-11 05:33:10 --> Session: Class initialized using 'CodeIgniter\Session\Handlers\FileHandler' driver.
DEBUG - 2025-07-11 05:33:10 --> Session: Class initialized using 'CodeIgniter\Session\Handlers\FileHandler' driver.
DEBUG - 2025-07-11 05:33:29 --> Session: Class initialized using 'CodeIgniter\Session\Handlers\FileHandler' driver.
DEBUG - 2025-07-11 05:34:29 --> Session: Class initialized using 'CodeIgniter\Session\Handlers\FileHandler' driver.
DEBUG - 2025-07-11 05:34:29 --> Session: Class initialized using 'CodeIgniter\Session\Handlers\FileHandler' driver.
DEBUG - 2025-07-11 05:39:54 --> Session: Class initialized using 'CodeIgniter\Session\Handlers\FileHandler' driver.
DEBUG - 2025-07-11 05:40:14 --> Session: Class initialized using 'CodeIgniter\Session\Handlers\FileHandler' driver.
DEBUG - 2025-07-11 05:40:24 --> Session: Class initialized using 'CodeIgniter\Session\Handlers\FileHandler' driver.
DEBUG - 2025-07-11 05:40:39 --> Session: Class initialized using 'CodeIgniter\Session\Handlers\FileHandler' driver.
DEBUG - 2025-07-11 05:40:41 --> Session: Class initialized using 'CodeIgniter\Session\Handlers\FileHandler' driver.
DEBUG - 2025-07-11 05:41:12 --> Session: Class initialized using 'CodeIgniter\Session\Handlers\FileHandler' driver.
DEBUG - 2025-07-11 05:41:15 --> Session: Class initialized using 'CodeIgniter\Session\Handlers\FileHandler' driver.
DEBUG - 2025-07-11 06:12:05 --> Session: Class initialized using 'CodeIgniter\Session\Handlers\FileHandler' driver.
DEBUG - 2025-07-11 06:57:16 --> Session: Class initialized using 'CodeIgniter\Session\Handlers\FileHandler' driver.
DEBUG - 2025-07-11 06:57:16 --> Session: Class initialized using 'CodeIgniter\Session\Handlers\FileHandler' driver.
DEBUG - 2025-07-11 06:57:44 --> Session: Class initialized using 'CodeIgniter\Session\Handlers\FileHandler' driver.
DEBUG - 2025-07-11 06:57:47 --> Session: Class initialized using 'CodeIgniter\Session\Handlers\FileHandler' driver.
DEBUG - 2025-07-11 06:57:50 --> Session: Class initialized using 'CodeIgniter\Session\Handlers\FileHandler' driver.
DEBUG - 2025-07-11 06:58:00 --> Session: Class initialized using 'CodeIgniter\Session\Handlers\FileHandler' driver.
DEBUG - 2025-07-11 06:58:00 --> Session: Class initialized using 'CodeIgniter\Session\Handlers\FileHandler' driver.
DEBUG - 2025-07-11 06:58:06 --> Session: Class initialized using 'CodeIgniter\Session\Handlers\FileHandler' driver.
DEBUG - 2025-07-11 06:58:06 --> Session: Class initialized using 'CodeIgniter\Session\Handlers\FileHandler' driver.
DEBUG - 2025-07-11 06:58:09 --> Session: Class initialized using 'CodeIgniter\Session\Handlers\FileHandler' driver.
DEBUG - 2025-07-11 06:58:10 --> Session: Class initialized using 'CodeIgniter\Session\Handlers\FileHandler' driver.
DEBUG - 2025-07-11 06:58:13 --> Session: Class initialized using 'CodeIgniter\Session\Handlers\FileHandler' driver.
DEBUG - 2025-07-11 06:58:13 --> Session: Class initialized using 'CodeIgniter\Session\Handlers\FileHandler' driver.
DEBUG - 2025-07-11 06:58:29 --> Session: Class initialized using 'CodeIgniter\Session\Handlers\FileHandler' driver.
DEBUG - 2025-07-11 06:58:29 --> Session: Class initialized using 'CodeIgniter\Session\Handlers\FileHandler' driver.
DEBUG - 2025-07-11 06:58:32 --> Session: Class initialized using 'CodeIgniter\Session\Handlers\FileHandler' driver.
DEBUG - 2025-07-11 06:58:32 --> Session: Class initialized using 'CodeIgniter\Session\Handlers\FileHandler' driver.
DEBUG - 2025-07-11 06:58:40 --> Session: Class initialized using 'CodeIgniter\Session\Handlers\FileHandler' driver.
DEBUG - 2025-07-11 06:58:40 --> Session: Class initialized using 'CodeIgniter\Session\Handlers\FileHandler' driver.
ERROR - 2025-07-11 07:00:44 --> mysqli_sql_exception: Table 'ccis_portal.course' doesn't exist in C:\xampp\htdocs\CCIS-portal\system\Database\MySQLi\Connection.php:327
Stack trace:
#0 C:\xampp\htdocs\CCIS-portal\system\Database\MySQLi\Connection.php(327): mysqli->query('SELECT `class`....', 0)
#1 C:\xampp\htdocs\CCIS-portal\system\Database\BaseConnection.php(738): CodeIgniter\Database\MySQLi\Connection->execute('SELECT `class`....')
#2 C:\xampp\htdocs\CCIS-portal\system\Database\BaseConnection.php(652): CodeIgniter\Database\BaseConnection->simpleQuery('SELECT `class`....')
#3 C:\xampp\htdocs\CCIS-portal\system\Database\BaseBuilder.php(1649): CodeIgniter\Database\BaseConnection->query('SELECT `class`....', Array, false)
#4 C:\xampp\htdocs\CCIS-portal\system\Model.php(286): CodeIgniter\Database\BaseBuilder->get()
#5 C:\xampp\htdocs\CCIS-portal\system\BaseModel.php(679): CodeIgniter\Model->doFindAll(0, 0)
#6 C:\xampp\htdocs\CCIS-portal\app\Controllers\AdminController.php(513): CodeIgniter\BaseModel->findAll()
#7 C:\xampp\htdocs\CCIS-portal\system\CodeIgniter.php(933): App\Controllers\AdminController->view_classes()
#8 C:\xampp\htdocs\CCIS-portal\system\CodeIgniter.php(507): CodeIgniter\CodeIgniter->runController(Object(App\Controllers\AdminController))
#9 C:\xampp\htdocs\CCIS-portal\system\CodeIgniter.php(354): CodeIgniter\CodeIgniter->handleRequest(NULL, Object(Config\Cache), false)
#10 C:\xampp\htdocs\CCIS-portal\system\Boot.php(334): CodeIgniter\CodeIgniter->run()
#11 C:\xampp\htdocs\CCIS-portal\system\Boot.php(67): CodeIgniter\Boot::runCodeIgniter(Object(CodeIgniter\CodeIgniter))
#12 C:\xampp\htdocs\CCIS-portal\public\index.php(59): CodeIgniter\Boot::bootWeb(Object(Config\Paths))
#13 C:\xampp\htdocs\CCIS-portal\system\rewrite.php(44): require_once('C:\\xampp\\htdocs...')
#14 {main}
CRITICAL - 2025-07-11 07:00:44 --> CodeIgniter\Database\Exceptions\DatabaseException: Table 'ccis_portal.course' doesn't exist
[Method: GET, Route: admin/academics/classes]
in SYSTEMPATH\Database\BaseConnection.php on line 692.
 1 SYSTEMPATH\Database\BaseBuilder.php(1649): CodeIgniter\Database\BaseConnection->query('SELECT `class`.*, `course`.`course_code`, `course`.`course_description`, `semesters`.`semester`, `semesters`.`semester_id`, `schoolyears`.`schoolyear`, `users`.`user_id`, `users`.`fname`, `users`.`lname`
FROM `classes`
LEFT JOIN `course` ON `course`.`course_id` = `class`.`course_id`
LEFT JOIN `semesters` ON `semesters`.`semester_id` = `class`.`semester_id`
LEFT JOIN `schoolyears` ON `schoolyears`.`schoolyear_id` = `semesters`.`schoolyear_id`
LEFT JOIN `users` ON `users`.`user_id` = `class`.`user_id`
WHERE `class`.`semester_id` = :class.semester_id:', [...], false)
 2 SYSTEMPATH\Model.php(286): CodeIgniter\Database\BaseBuilder->get()
 3 SYSTEMPATH\BaseModel.php(679): CodeIgniter\Model->doFindAll(0, 0)
 4 APPPATH\Controllers\AdminController.php(513): CodeIgniter\BaseModel->findAll()
 5 SYSTEMPATH\CodeIgniter.php(933): App\Controllers\AdminController->view_classes()
 6 SYSTEMPATH\CodeIgniter.php(507): CodeIgniter\CodeIgniter->runController(Object(App\Controllers\AdminController))
 7 SYSTEMPATH\CodeIgniter.php(354): CodeIgniter\CodeIgniter->handleRequest(null, Object(Config\Cache), false)
 8 SYSTEMPATH\Boot.php(334): CodeIgniter\CodeIgniter->run()
 9 SYSTEMPATH\Boot.php(67): CodeIgniter\Boot::runCodeIgniter(Object(CodeIgniter\CodeIgniter))
10 FCPATH\index.php(59): CodeIgniter\Boot::bootWeb(Object(Config\Paths))
11 SYSTEMPATH\rewrite.php(44): require_once('C:\\xampp\\htdocs\\CCIS-portal\\public\\index.php')
CRITICAL - 2025-07-11 07:00:44 --> [Caused by] CodeIgniter\Database\Exceptions\DatabaseException: Table 'ccis_portal.course' doesn't exist
in SYSTEMPATH\Database\MySQLi\Connection.php on line 332.
 1 SYSTEMPATH\Database\BaseConnection.php(738): CodeIgniter\Database\MySQLi\Connection->execute('SELECT `class`.*, `course`.`course_code`, `course`.`course_description`, `semesters`.`semester`, `semesters`.`semester_id`, `schoolyears`.`schoolyear`, `users`.`user_id`, `users`.`fname`, `users`.`lname`
FROM `classes`
LEFT JOIN `course` ON `course`.`course_id` = `class`.`course_id`
LEFT JOIN `semesters` ON `semesters`.`semester_id` = `class`.`semester_id`
LEFT JOIN `schoolyears` ON `schoolyears`.`schoolyear_id` = `semesters`.`schoolyear_id`
LEFT JOIN `users` ON `users`.`user_id` = `class`.`user_id`
WHERE `class`.`semester_id` = \'43\'')
 2 SYSTEMPATH\Database\BaseConnection.php(652): CodeIgniter\Database\BaseConnection->simpleQuery('SELECT `class`.*, `course`.`course_code`, `course`.`course_description`, `semesters`.`semester`, `semesters`.`semester_id`, `schoolyears`.`schoolyear`, `users`.`user_id`, `users`.`fname`, `users`.`lname`
FROM `classes`
LEFT JOIN `course` ON `course`.`course_id` = `class`.`course_id`
LEFT JOIN `semesters` ON `semesters`.`semester_id` = `class`.`semester_id`
LEFT JOIN `schoolyears` ON `schoolyears`.`schoolyear_id` = `semesters`.`schoolyear_id`
LEFT JOIN `users` ON `users`.`user_id` = `class`.`user_id`
WHERE `class`.`semester_id` = \'43\'')
 3 SYSTEMPATH\Database\BaseBuilder.php(1649): CodeIgniter\Database\BaseConnection->query('SELECT `class`.*, `course`.`course_code`, `course`.`course_description`, `semesters`.`semester`, `semesters`.`semester_id`, `schoolyears`.`schoolyear`, `users`.`user_id`, `users`.`fname`, `users`.`lname`
FROM `classes`
LEFT JOIN `course` ON `course`.`course_id` = `class`.`course_id`
LEFT JOIN `semesters` ON `semesters`.`semester_id` = `class`.`semester_id`
LEFT JOIN `schoolyears` ON `schoolyears`.`schoolyear_id` = `semesters`.`schoolyear_id`
LEFT JOIN `users` ON `users`.`user_id` = `class`.`user_id`
WHERE `class`.`semester_id` = :class.semester_id:', [...], false)
 4 SYSTEMPATH\Model.php(286): CodeIgniter\Database\BaseBuilder->get()
 5 SYSTEMPATH\BaseModel.php(679): CodeIgniter\Model->doFindAll(0, 0)
 6 APPPATH\Controllers\AdminController.php(513): CodeIgniter\BaseModel->findAll()
 7 SYSTEMPATH\CodeIgniter.php(933): App\Controllers\AdminController->view_classes()
 8 SYSTEMPATH\CodeIgniter.php(507): CodeIgniter\CodeIgniter->runController(Object(App\Controllers\AdminController))
 9 SYSTEMPATH\CodeIgniter.php(354): CodeIgniter\CodeIgniter->handleRequest(null, Object(Config\Cache), false)
10 SYSTEMPATH\Boot.php(334): CodeIgniter\CodeIgniter->run()
11 SYSTEMPATH\Boot.php(67): CodeIgniter\Boot::runCodeIgniter(Object(CodeIgniter\CodeIgniter))
12 FCPATH\index.php(59): CodeIgniter\Boot::bootWeb(Object(Config\Paths))
13 SYSTEMPATH\rewrite.php(44): require_once('C:\\xampp\\htdocs\\CCIS-portal\\public\\index.php')
CRITICAL - 2025-07-11 07:00:44 --> [Caused by] mysqli_sql_exception: Table 'ccis_portal.course' doesn't exist
in SYSTEMPATH\Database\MySQLi\Connection.php on line 327.
 1 SYSTEMPATH\Database\MySQLi\Connection.php(327): mysqli->query('SELECT `class`.*, `course`.`course_code`, `course`.`course_description`, `semesters`.`semester`, `semesters`.`semester_id`, `schoolyears`.`schoolyear`, `users`.`user_id`, `users`.`fname`, `users`.`lname`
FROM `classes`
LEFT JOIN `course` ON `course`.`course_id` = `class`.`course_id`
LEFT JOIN `semesters` ON `semesters`.`semester_id` = `class`.`semester_id`
LEFT JOIN `schoolyears` ON `schoolyears`.`schoolyear_id` = `semesters`.`schoolyear_id`
LEFT JOIN `users` ON `users`.`user_id` = `class`.`user_id`
WHERE `class`.`semester_id` = \'43\'', 0)
 2 SYSTEMPATH\Database\BaseConnection.php(738): CodeIgniter\Database\MySQLi\Connection->execute('SELECT `class`.*, `course`.`course_code`, `course`.`course_description`, `semesters`.`semester`, `semesters`.`semester_id`, `schoolyears`.`schoolyear`, `users`.`user_id`, `users`.`fname`, `users`.`lname`
FROM `classes`
LEFT JOIN `course` ON `course`.`course_id` = `class`.`course_id`
LEFT JOIN `semesters` ON `semesters`.`semester_id` = `class`.`semester_id`
LEFT JOIN `schoolyears` ON `schoolyears`.`schoolyear_id` = `semesters`.`schoolyear_id`
LEFT JOIN `users` ON `users`.`user_id` = `class`.`user_id`
WHERE `class`.`semester_id` = \'43\'')
 3 SYSTEMPATH\Database\BaseConnection.php(652): CodeIgniter\Database\BaseConnection->simpleQuery('SELECT `class`.*, `course`.`course_code`, `course`.`course_description`, `semesters`.`semester`, `semesters`.`semester_id`, `schoolyears`.`schoolyear`, `users`.`user_id`, `users`.`fname`, `users`.`lname`
FROM `classes`
LEFT JOIN `course` ON `course`.`course_id` = `class`.`course_id`
LEFT JOIN `semesters` ON `semesters`.`semester_id` = `class`.`semester_id`
LEFT JOIN `schoolyears` ON `schoolyears`.`schoolyear_id` = `semesters`.`schoolyear_id`
LEFT JOIN `users` ON `users`.`user_id` = `class`.`user_id`
WHERE `class`.`semester_id` = \'43\'')
 4 SYSTEMPATH\Database\BaseBuilder.php(1649): CodeIgniter\Database\BaseConnection->query('SELECT `class`.*, `course`.`course_code`, `course`.`course_description`, `semesters`.`semester`, `semesters`.`semester_id`, `schoolyears`.`schoolyear`, `users`.`user_id`, `users`.`fname`, `users`.`lname`
FROM `classes`
LEFT JOIN `course` ON `course`.`course_id` = `class`.`course_id`
LEFT JOIN `semesters` ON `semesters`.`semester_id` = `class`.`semester_id`
LEFT JOIN `schoolyears` ON `schoolyears`.`schoolyear_id` = `semesters`.`schoolyear_id`
LEFT JOIN `users` ON `users`.`user_id` = `class`.`user_id`
WHERE `class`.`semester_id` = :class.semester_id:', [...], false)
 5 SYSTEMPATH\Model.php(286): CodeIgniter\Database\BaseBuilder->get()
 6 SYSTEMPATH\BaseModel.php(679): CodeIgniter\Model->doFindAll(0, 0)
 7 APPPATH\Controllers\AdminController.php(513): CodeIgniter\BaseModel->findAll()
 8 SYSTEMPATH\CodeIgniter.php(933): App\Controllers\AdminController->view_classes()
 9 SYSTEMPATH\CodeIgniter.php(507): CodeIgniter\CodeIgniter->runController(Object(App\Controllers\AdminController))
10 SYSTEMPATH\CodeIgniter.php(354): CodeIgniter\CodeIgniter->handleRequest(null, Object(Config\Cache), false)
11 SYSTEMPATH\Boot.php(334): CodeIgniter\CodeIgniter->run()
12 SYSTEMPATH\Boot.php(67): CodeIgniter\Boot::runCodeIgniter(Object(CodeIgniter\CodeIgniter))
13 FCPATH\index.php(59): CodeIgniter\Boot::bootWeb(Object(Config\Paths))
14 SYSTEMPATH\rewrite.php(44): require_once('C:\\xampp\\htdocs\\CCIS-portal\\public\\index.php')
DEBUG - 2025-07-11 07:00:48 --> Session: Class initialized using 'CodeIgniter\Session\Handlers\FileHandler' driver.
ERROR - 2025-07-11 07:00:49 --> mysqli_sql_exception: Table 'ccis_portal.course' doesn't exist in C:\xampp\htdocs\CCIS-portal\system\Database\MySQLi\Connection.php:327
Stack trace:
#0 C:\xampp\htdocs\CCIS-portal\system\Database\MySQLi\Connection.php(327): mysqli->query('SELECT `co`.`co...', 0)
#1 C:\xampp\htdocs\CCIS-portal\system\Database\BaseConnection.php(738): CodeIgniter\Database\MySQLi\Connection->execute('SELECT `co`.`co...')
#2 C:\xampp\htdocs\CCIS-portal\system\Database\BaseConnection.php(652): CodeIgniter\Database\BaseConnection->simpleQuery('SELECT `co`.`co...')
#3 C:\xampp\htdocs\CCIS-portal\system\Database\BaseBuilder.php(1649): CodeIgniter\Database\BaseConnection->query('SELECT `co`.`co...', Array, false)
#4 C:\xampp\htdocs\CCIS-portal\app\Models\CurriculumModel.php(25): CodeIgniter\Database\BaseBuilder->get()
#5 C:\xampp\htdocs\CCIS-portal\app\Controllers\AdminController.php(612): App\Models\CurriculumModel->getCourses(NULL, NULL)
#6 C:\xampp\htdocs\CCIS-portal\system\CodeIgniter.php(933): App\Controllers\AdminController->view_curriculums()
#7 C:\xampp\htdocs\CCIS-portal\system\CodeIgniter.php(507): CodeIgniter\CodeIgniter->runController(Object(App\Controllers\AdminController))
#8 C:\xampp\htdocs\CCIS-portal\system\CodeIgniter.php(354): CodeIgniter\CodeIgniter->handleRequest(NULL, Object(Config\Cache), false)
#9 C:\xampp\htdocs\CCIS-portal\system\Boot.php(334): CodeIgniter\CodeIgniter->run()
#10 C:\xampp\htdocs\CCIS-portal\system\Boot.php(67): CodeIgniter\Boot::runCodeIgniter(Object(CodeIgniter\CodeIgniter))
#11 C:\xampp\htdocs\CCIS-portal\public\index.php(59): CodeIgniter\Boot::bootWeb(Object(Config\Paths))
#12 C:\xampp\htdocs\CCIS-portal\system\rewrite.php(44): require_once('C:\\xampp\\htdocs...')
#13 {main}
CRITICAL - 2025-07-11 07:00:49 --> CodeIgniter\Database\Exceptions\DatabaseException: Table 'ccis_portal.course' doesn't exist
[Method: GET, Route: admin/academics/curriculums]
in SYSTEMPATH\Database\BaseConnection.php on line 692.
 1 SYSTEMPATH\Database\BaseBuilder.php(1649): CodeIgniter\Database\BaseConnection->query('SELECT `co`.`course_code`, `co`.`course_description`, `co`.`lec_units`, `co`.`lab_units`, `cu`.`year_level`, `cu`.`course_semester`
FROM `course` AS `co`
LEFT JOIN `curriculums` AS `cu` ON `cu`.`course_id` = `co`.`course_id`
ORDER BY `co`.`course_code` ASC', [], false)
 2 APPPATH\Models\CurriculumModel.php(25): CodeIgniter\Database\BaseBuilder->get()
 3 APPPATH\Controllers\AdminController.php(612): App\Models\CurriculumModel->getCourses(null, null)
 4 SYSTEMPATH\CodeIgniter.php(933): App\Controllers\AdminController->view_curriculums()
 5 SYSTEMPATH\CodeIgniter.php(507): CodeIgniter\CodeIgniter->runController(Object(App\Controllers\AdminController))
 6 SYSTEMPATH\CodeIgniter.php(354): CodeIgniter\CodeIgniter->handleRequest(null, Object(Config\Cache), false)
 7 SYSTEMPATH\Boot.php(334): CodeIgniter\CodeIgniter->run()
 8 SYSTEMPATH\Boot.php(67): CodeIgniter\Boot::runCodeIgniter(Object(CodeIgniter\CodeIgniter))
 9 FCPATH\index.php(59): CodeIgniter\Boot::bootWeb(Object(Config\Paths))
10 SYSTEMPATH\rewrite.php(44): require_once('C:\\xampp\\htdocs\\CCIS-portal\\public\\index.php')
CRITICAL - 2025-07-11 07:00:49 --> [Caused by] CodeIgniter\Database\Exceptions\DatabaseException: Table 'ccis_portal.course' doesn't exist
in SYSTEMPATH\Database\MySQLi\Connection.php on line 332.
 1 SYSTEMPATH\Database\BaseConnection.php(738): CodeIgniter\Database\MySQLi\Connection->execute('SELECT `co`.`course_code`, `co`.`course_description`, `co`.`lec_units`, `co`.`lab_units`, `cu`.`year_level`, `cu`.`course_semester`
FROM `course` AS `co`
LEFT JOIN `curriculums` AS `cu` ON `cu`.`course_id` = `co`.`course_id`
ORDER BY `co`.`course_code` ASC')
 2 SYSTEMPATH\Database\BaseConnection.php(652): CodeIgniter\Database\BaseConnection->simpleQuery('SELECT `co`.`course_code`, `co`.`course_description`, `co`.`lec_units`, `co`.`lab_units`, `cu`.`year_level`, `cu`.`course_semester`
FROM `course` AS `co`
LEFT JOIN `curriculums` AS `cu` ON `cu`.`course_id` = `co`.`course_id`
ORDER BY `co`.`course_code` ASC')
 3 SYSTEMPATH\Database\BaseBuilder.php(1649): CodeIgniter\Database\BaseConnection->query('SELECT `co`.`course_code`, `co`.`course_description`, `co`.`lec_units`, `co`.`lab_units`, `cu`.`year_level`, `cu`.`course_semester`
FROM `course` AS `co`
LEFT JOIN `curriculums` AS `cu` ON `cu`.`course_id` = `co`.`course_id`
ORDER BY `co`.`course_code` ASC', [], false)
 4 APPPATH\Models\CurriculumModel.php(25): CodeIgniter\Database\BaseBuilder->get()
 5 APPPATH\Controllers\AdminController.php(612): App\Models\CurriculumModel->getCourses(null, null)
 6 SYSTEMPATH\CodeIgniter.php(933): App\Controllers\AdminController->view_curriculums()
 7 SYSTEMPATH\CodeIgniter.php(507): CodeIgniter\CodeIgniter->runController(Object(App\Controllers\AdminController))
 8 SYSTEMPATH\CodeIgniter.php(354): CodeIgniter\CodeIgniter->handleRequest(null, Object(Config\Cache), false)
 9 SYSTEMPATH\Boot.php(334): CodeIgniter\CodeIgniter->run()
10 SYSTEMPATH\Boot.php(67): CodeIgniter\Boot::runCodeIgniter(Object(CodeIgniter\CodeIgniter))
11 FCPATH\index.php(59): CodeIgniter\Boot::bootWeb(Object(Config\Paths))
12 SYSTEMPATH\rewrite.php(44): require_once('C:\\xampp\\htdocs\\CCIS-portal\\public\\index.php')
CRITICAL - 2025-07-11 07:00:49 --> [Caused by] mysqli_sql_exception: Table 'ccis_portal.course' doesn't exist
in SYSTEMPATH\Database\MySQLi\Connection.php on line 327.
 1 SYSTEMPATH\Database\MySQLi\Connection.php(327): mysqli->query('SELECT `co`.`course_code`, `co`.`course_description`, `co`.`lec_units`, `co`.`lab_units`, `cu`.`year_level`, `cu`.`course_semester`
FROM `course` AS `co`
LEFT JOIN `curriculums` AS `cu` ON `cu`.`course_id` = `co`.`course_id`
ORDER BY `co`.`course_code` ASC', 0)
 2 SYSTEMPATH\Database\BaseConnection.php(738): CodeIgniter\Database\MySQLi\Connection->execute('SELECT `co`.`course_code`, `co`.`course_description`, `co`.`lec_units`, `co`.`lab_units`, `cu`.`year_level`, `cu`.`course_semester`
FROM `course` AS `co`
LEFT JOIN `curriculums` AS `cu` ON `cu`.`course_id` = `co`.`course_id`
ORDER BY `co`.`course_code` ASC')
 3 SYSTEMPATH\Database\BaseConnection.php(652): CodeIgniter\Database\BaseConnection->simpleQuery('SELECT `co`.`course_code`, `co`.`course_description`, `co`.`lec_units`, `co`.`lab_units`, `cu`.`year_level`, `cu`.`course_semester`
FROM `course` AS `co`
LEFT JOIN `curriculums` AS `cu` ON `cu`.`course_id` = `co`.`course_id`
ORDER BY `co`.`course_code` ASC')
 4 SYSTEMPATH\Database\BaseBuilder.php(1649): CodeIgniter\Database\BaseConnection->query('SELECT `co`.`course_code`, `co`.`course_description`, `co`.`lec_units`, `co`.`lab_units`, `cu`.`year_level`, `cu`.`course_semester`
FROM `course` AS `co`
LEFT JOIN `curriculums` AS `cu` ON `cu`.`course_id` = `co`.`course_id`
ORDER BY `co`.`course_code` ASC', [], false)
 5 APPPATH\Models\CurriculumModel.php(25): CodeIgniter\Database\BaseBuilder->get()
 6 APPPATH\Controllers\AdminController.php(612): App\Models\CurriculumModel->getCourses(null, null)
 7 SYSTEMPATH\CodeIgniter.php(933): App\Controllers\AdminController->view_curriculums()
 8 SYSTEMPATH\CodeIgniter.php(507): CodeIgniter\CodeIgniter->runController(Object(App\Controllers\AdminController))
 9 SYSTEMPATH\CodeIgniter.php(354): CodeIgniter\CodeIgniter->handleRequest(null, Object(Config\Cache), false)
10 SYSTEMPATH\Boot.php(334): CodeIgniter\CodeIgniter->run()
11 SYSTEMPATH\Boot.php(67): CodeIgniter\Boot::runCodeIgniter(Object(CodeIgniter\CodeIgniter))
12 FCPATH\index.php(59): CodeIgniter\Boot::bootWeb(Object(Config\Paths))
13 SYSTEMPATH\rewrite.php(44): require_once('C:\\xampp\\htdocs\\CCIS-portal\\public\\index.php')
DEBUG - 2025-07-11 07:00:54 --> Session: Class initialized using 'CodeIgniter\Session\Handlers\FileHandler' driver.
DEBUG - 2025-07-11 07:00:58 --> Session: Class initialized using 'CodeIgniter\Session\Handlers\FileHandler' driver.
DEBUG - 2025-07-11 07:01:01 --> Session: Class initialized using 'CodeIgniter\Session\Handlers\FileHandler' driver.
ERROR - 2025-07-11 07:01:07 --> mysqli_sql_exception: Table 'ccis_portal.course' doesn't exist in C:\xampp\htdocs\CCIS-portal\system\Database\MySQLi\Connection.php:327
Stack trace:
#0 C:\xampp\htdocs\CCIS-portal\system\Database\MySQLi\Connection.php(327): mysqli->query('SELECT `co`.`co...', 0)
#1 C:\xampp\htdocs\CCIS-portal\system\Database\BaseConnection.php(738): CodeIgniter\Database\MySQLi\Connection->execute('SELECT `co`.`co...')
#2 C:\xampp\htdocs\CCIS-portal\system\Database\BaseConnection.php(652): CodeIgniter\Database\BaseConnection->simpleQuery('SELECT `co`.`co...')
#3 C:\xampp\htdocs\CCIS-portal\system\Database\BaseBuilder.php(1649): CodeIgniter\Database\BaseConnection->query('SELECT `co`.`co...', Array, false)
#4 C:\xampp\htdocs\CCIS-portal\app\Models\CurriculumModel.php(25): CodeIgniter\Database\BaseBuilder->get()
#5 C:\xampp\htdocs\CCIS-portal\app\Controllers\AdminController.php(612): App\Models\CurriculumModel->getCourses(NULL, NULL)
#6 C:\xampp\htdocs\CCIS-portal\system\CodeIgniter.php(933): App\Controllers\AdminController->view_curriculums()
#7 C:\xampp\htdocs\CCIS-portal\system\CodeIgniter.php(507): CodeIgniter\CodeIgniter->runController(Object(App\Controllers\AdminController))
#8 C:\xampp\htdocs\CCIS-portal\system\CodeIgniter.php(354): CodeIgniter\CodeIgniter->handleRequest(NULL, Object(Config\Cache), false)
#9 C:\xampp\htdocs\CCIS-portal\system\Boot.php(334): CodeIgniter\CodeIgniter->run()
#10 C:\xampp\htdocs\CCIS-portal\system\Boot.php(67): CodeIgniter\Boot::runCodeIgniter(Object(CodeIgniter\CodeIgniter))
#11 C:\xampp\htdocs\CCIS-portal\public\index.php(59): CodeIgniter\Boot::bootWeb(Object(Config\Paths))
#12 C:\xampp\htdocs\CCIS-portal\system\rewrite.php(44): require_once('C:\\xampp\\htdocs...')
#13 {main}
CRITICAL - 2025-07-11 07:01:07 --> CodeIgniter\Database\Exceptions\DatabaseException: Table 'ccis_portal.course' doesn't exist
[Method: GET, Route: admin/academics/curriculums]
in SYSTEMPATH\Database\BaseConnection.php on line 692.
 1 SYSTEMPATH\Database\BaseBuilder.php(1649): CodeIgniter\Database\BaseConnection->query('SELECT `co`.`course_code`, `co`.`course_description`, `co`.`lec_units`, `co`.`lab_units`, `cu`.`year_level`, `cu`.`course_semester`
FROM `course` AS `co`
LEFT JOIN `curriculums` AS `cu` ON `cu`.`course_id` = `co`.`course_id`
ORDER BY `co`.`course_code` ASC', [], false)
 2 APPPATH\Models\CurriculumModel.php(25): CodeIgniter\Database\BaseBuilder->get()
 3 APPPATH\Controllers\AdminController.php(612): App\Models\CurriculumModel->getCourses(null, null)
 4 SYSTEMPATH\CodeIgniter.php(933): App\Controllers\AdminController->view_curriculums()
 5 SYSTEMPATH\CodeIgniter.php(507): CodeIgniter\CodeIgniter->runController(Object(App\Controllers\AdminController))
 6 SYSTEMPATH\CodeIgniter.php(354): CodeIgniter\CodeIgniter->handleRequest(null, Object(Config\Cache), false)
 7 SYSTEMPATH\Boot.php(334): CodeIgniter\CodeIgniter->run()
 8 SYSTEMPATH\Boot.php(67): CodeIgniter\Boot::runCodeIgniter(Object(CodeIgniter\CodeIgniter))
 9 FCPATH\index.php(59): CodeIgniter\Boot::bootWeb(Object(Config\Paths))
10 SYSTEMPATH\rewrite.php(44): require_once('C:\\xampp\\htdocs\\CCIS-portal\\public\\index.php')
CRITICAL - 2025-07-11 07:01:07 --> [Caused by] CodeIgniter\Database\Exceptions\DatabaseException: Table 'ccis_portal.course' doesn't exist
in SYSTEMPATH\Database\MySQLi\Connection.php on line 332.
 1 SYSTEMPATH\Database\BaseConnection.php(738): CodeIgniter\Database\MySQLi\Connection->execute('SELECT `co`.`course_code`, `co`.`course_description`, `co`.`lec_units`, `co`.`lab_units`, `cu`.`year_level`, `cu`.`course_semester`
FROM `course` AS `co`
LEFT JOIN `curriculums` AS `cu` ON `cu`.`course_id` = `co`.`course_id`
ORDER BY `co`.`course_code` ASC')
 2 SYSTEMPATH\Database\BaseConnection.php(652): CodeIgniter\Database\BaseConnection->simpleQuery('SELECT `co`.`course_code`, `co`.`course_description`, `co`.`lec_units`, `co`.`lab_units`, `cu`.`year_level`, `cu`.`course_semester`
FROM `course` AS `co`
LEFT JOIN `curriculums` AS `cu` ON `cu`.`course_id` = `co`.`course_id`
ORDER BY `co`.`course_code` ASC')
 3 SYSTEMPATH\Database\BaseBuilder.php(1649): CodeIgniter\Database\BaseConnection->query('SELECT `co`.`course_code`, `co`.`course_description`, `co`.`lec_units`, `co`.`lab_units`, `cu`.`year_level`, `cu`.`course_semester`
FROM `course` AS `co`
LEFT JOIN `curriculums` AS `cu` ON `cu`.`course_id` = `co`.`course_id`
ORDER BY `co`.`course_code` ASC', [], false)
 4 APPPATH\Models\CurriculumModel.php(25): CodeIgniter\Database\BaseBuilder->get()
 5 APPPATH\Controllers\AdminController.php(612): App\Models\CurriculumModel->getCourses(null, null)
 6 SYSTEMPATH\CodeIgniter.php(933): App\Controllers\AdminController->view_curriculums()
 7 SYSTEMPATH\CodeIgniter.php(507): CodeIgniter\CodeIgniter->runController(Object(App\Controllers\AdminController))
 8 SYSTEMPATH\CodeIgniter.php(354): CodeIgniter\CodeIgniter->handleRequest(null, Object(Config\Cache), false)
 9 SYSTEMPATH\Boot.php(334): CodeIgniter\CodeIgniter->run()
10 SYSTEMPATH\Boot.php(67): CodeIgniter\Boot::runCodeIgniter(Object(CodeIgniter\CodeIgniter))
11 FCPATH\index.php(59): CodeIgniter\Boot::bootWeb(Object(Config\Paths))
12 SYSTEMPATH\rewrite.php(44): require_once('C:\\xampp\\htdocs\\CCIS-portal\\public\\index.php')
CRITICAL - 2025-07-11 07:01:07 --> [Caused by] mysqli_sql_exception: Table 'ccis_portal.course' doesn't exist
in SYSTEMPATH\Database\MySQLi\Connection.php on line 327.
 1 SYSTEMPATH\Database\MySQLi\Connection.php(327): mysqli->query('SELECT `co`.`course_code`, `co`.`course_description`, `co`.`lec_units`, `co`.`lab_units`, `cu`.`year_level`, `cu`.`course_semester`
FROM `course` AS `co`
LEFT JOIN `curriculums` AS `cu` ON `cu`.`course_id` = `co`.`course_id`
ORDER BY `co`.`course_code` ASC', 0)
 2 SYSTEMPATH\Database\BaseConnection.php(738): CodeIgniter\Database\MySQLi\Connection->execute('SELECT `co`.`course_code`, `co`.`course_description`, `co`.`lec_units`, `co`.`lab_units`, `cu`.`year_level`, `cu`.`course_semester`
FROM `course` AS `co`
LEFT JOIN `curriculums` AS `cu` ON `cu`.`course_id` = `co`.`course_id`
ORDER BY `co`.`course_code` ASC')
 3 SYSTEMPATH\Database\BaseConnection.php(652): CodeIgniter\Database\BaseConnection->simpleQuery('SELECT `co`.`course_code`, `co`.`course_description`, `co`.`lec_units`, `co`.`lab_units`, `cu`.`year_level`, `cu`.`course_semester`
FROM `course` AS `co`
LEFT JOIN `curriculums` AS `cu` ON `cu`.`course_id` = `co`.`course_id`
ORDER BY `co`.`course_code` ASC')
 4 SYSTEMPATH\Database\BaseBuilder.php(1649): CodeIgniter\Database\BaseConnection->query('SELECT `co`.`course_code`, `co`.`course_description`, `co`.`lec_units`, `co`.`lab_units`, `cu`.`year_level`, `cu`.`course_semester`
FROM `course` AS `co`
LEFT JOIN `curriculums` AS `cu` ON `cu`.`course_id` = `co`.`course_id`
ORDER BY `co`.`course_code` ASC', [], false)
 5 APPPATH\Models\CurriculumModel.php(25): CodeIgniter\Database\BaseBuilder->get()
 6 APPPATH\Controllers\AdminController.php(612): App\Models\CurriculumModel->getCourses(null, null)
 7 SYSTEMPATH\CodeIgniter.php(933): App\Controllers\AdminController->view_curriculums()
 8 SYSTEMPATH\CodeIgniter.php(507): CodeIgniter\CodeIgniter->runController(Object(App\Controllers\AdminController))
 9 SYSTEMPATH\CodeIgniter.php(354): CodeIgniter\CodeIgniter->handleRequest(null, Object(Config\Cache), false)
10 SYSTEMPATH\Boot.php(334): CodeIgniter\CodeIgniter->run()
11 SYSTEMPATH\Boot.php(67): CodeIgniter\Boot::runCodeIgniter(Object(CodeIgniter\CodeIgniter))
12 FCPATH\index.php(59): CodeIgniter\Boot::bootWeb(Object(Config\Paths))
13 SYSTEMPATH\rewrite.php(44): require_once('C:\\xampp\\htdocs\\CCIS-portal\\public\\index.php')
DEBUG - 2025-07-11 07:01:18 --> Session: Class initialized using 'CodeIgniter\Session\Handlers\FileHandler' driver.
ERROR - 2025-07-11 07:01:19 --> mysqli_sql_exception: Table 'ccis_portal.course' doesn't exist in C:\xampp\htdocs\CCIS-portal\system\Database\MySQLi\Connection.php:327
Stack trace:
#0 C:\xampp\htdocs\CCIS-portal\system\Database\MySQLi\Connection.php(327): mysqli->query('SELECT `co`.`co...', 0)
#1 C:\xampp\htdocs\CCIS-portal\system\Database\BaseConnection.php(738): CodeIgniter\Database\MySQLi\Connection->execute('SELECT `co`.`co...')
#2 C:\xampp\htdocs\CCIS-portal\system\Database\BaseConnection.php(652): CodeIgniter\Database\BaseConnection->simpleQuery('SELECT `co`.`co...')
#3 C:\xampp\htdocs\CCIS-portal\system\Database\BaseBuilder.php(1649): CodeIgniter\Database\BaseConnection->query('SELECT `co`.`co...', Array, false)
#4 C:\xampp\htdocs\CCIS-portal\app\Models\CurriculumModel.php(25): CodeIgniter\Database\BaseBuilder->get()
#5 C:\xampp\htdocs\CCIS-portal\app\Controllers\AdminController.php(612): App\Models\CurriculumModel->getCourses(NULL, NULL)
#6 C:\xampp\htdocs\CCIS-portal\system\CodeIgniter.php(933): App\Controllers\AdminController->view_curriculums()
#7 C:\xampp\htdocs\CCIS-portal\system\CodeIgniter.php(507): CodeIgniter\CodeIgniter->runController(Object(App\Controllers\AdminController))
#8 C:\xampp\htdocs\CCIS-portal\system\CodeIgniter.php(354): CodeIgniter\CodeIgniter->handleRequest(NULL, Object(Config\Cache), false)
#9 C:\xampp\htdocs\CCIS-portal\system\Boot.php(334): CodeIgniter\CodeIgniter->run()
#10 C:\xampp\htdocs\CCIS-portal\system\Boot.php(67): CodeIgniter\Boot::runCodeIgniter(Object(CodeIgniter\CodeIgniter))
#11 C:\xampp\htdocs\CCIS-portal\public\index.php(59): CodeIgniter\Boot::bootWeb(Object(Config\Paths))
#12 C:\xampp\htdocs\CCIS-portal\system\rewrite.php(44): require_once('C:\\xampp\\htdocs...')
#13 {main}
CRITICAL - 2025-07-11 07:01:19 --> CodeIgniter\Database\Exceptions\DatabaseException: Table 'ccis_portal.course' doesn't exist
[Method: GET, Route: admin/academics/curriculums]
in SYSTEMPATH\Database\BaseConnection.php on line 692.
 1 SYSTEMPATH\Database\BaseBuilder.php(1649): CodeIgniter\Database\BaseConnection->query('SELECT `co`.`course_code`, `co`.`course_description`, `co`.`lec_units`, `co`.`lab_units`, `cu`.`year_level`, `cu`.`course_semester`
FROM `course` AS `co`
LEFT JOIN `curriculums` AS `cu` ON `cu`.`course_id` = `co`.`course_id`
ORDER BY `co`.`course_code` ASC', [], false)
 2 APPPATH\Models\CurriculumModel.php(25): CodeIgniter\Database\BaseBuilder->get()
 3 APPPATH\Controllers\AdminController.php(612): App\Models\CurriculumModel->getCourses(null, null)
 4 SYSTEMPATH\CodeIgniter.php(933): App\Controllers\AdminController->view_curriculums()
 5 SYSTEMPATH\CodeIgniter.php(507): CodeIgniter\CodeIgniter->runController(Object(App\Controllers\AdminController))
 6 SYSTEMPATH\CodeIgniter.php(354): CodeIgniter\CodeIgniter->handleRequest(null, Object(Config\Cache), false)
 7 SYSTEMPATH\Boot.php(334): CodeIgniter\CodeIgniter->run()
 8 SYSTEMPATH\Boot.php(67): CodeIgniter\Boot::runCodeIgniter(Object(CodeIgniter\CodeIgniter))
 9 FCPATH\index.php(59): CodeIgniter\Boot::bootWeb(Object(Config\Paths))
10 SYSTEMPATH\rewrite.php(44): require_once('C:\\xampp\\htdocs\\CCIS-portal\\public\\index.php')
CRITICAL - 2025-07-11 07:01:19 --> [Caused by] CodeIgniter\Database\Exceptions\DatabaseException: Table 'ccis_portal.course' doesn't exist
in SYSTEMPATH\Database\MySQLi\Connection.php on line 332.
 1 SYSTEMPATH\Database\BaseConnection.php(738): CodeIgniter\Database\MySQLi\Connection->execute('SELECT `co`.`course_code`, `co`.`course_description`, `co`.`lec_units`, `co`.`lab_units`, `cu`.`year_level`, `cu`.`course_semester`
FROM `course` AS `co`
LEFT JOIN `curriculums` AS `cu` ON `cu`.`course_id` = `co`.`course_id`
ORDER BY `co`.`course_code` ASC')
 2 SYSTEMPATH\Database\BaseConnection.php(652): CodeIgniter\Database\BaseConnection->simpleQuery('SELECT `co`.`course_code`, `co`.`course_description`, `co`.`lec_units`, `co`.`lab_units`, `cu`.`year_level`, `cu`.`course_semester`
FROM `course` AS `co`
LEFT JOIN `curriculums` AS `cu` ON `cu`.`course_id` = `co`.`course_id`
ORDER BY `co`.`course_code` ASC')
 3 SYSTEMPATH\Database\BaseBuilder.php(1649): CodeIgniter\Database\BaseConnection->query('SELECT `co`.`course_code`, `co`.`course_description`, `co`.`lec_units`, `co`.`lab_units`, `cu`.`year_level`, `cu`.`course_semester`
FROM `course` AS `co`
LEFT JOIN `curriculums` AS `cu` ON `cu`.`course_id` = `co`.`course_id`
ORDER BY `co`.`course_code` ASC', [], false)
 4 APPPATH\Models\CurriculumModel.php(25): CodeIgniter\Database\BaseBuilder->get()
 5 APPPATH\Controllers\AdminController.php(612): App\Models\CurriculumModel->getCourses(null, null)
 6 SYSTEMPATH\CodeIgniter.php(933): App\Controllers\AdminController->view_curriculums()
 7 SYSTEMPATH\CodeIgniter.php(507): CodeIgniter\CodeIgniter->runController(Object(App\Controllers\AdminController))
 8 SYSTEMPATH\CodeIgniter.php(354): CodeIgniter\CodeIgniter->handleRequest(null, Object(Config\Cache), false)
 9 SYSTEMPATH\Boot.php(334): CodeIgniter\CodeIgniter->run()
10 SYSTEMPATH\Boot.php(67): CodeIgniter\Boot::runCodeIgniter(Object(CodeIgniter\CodeIgniter))
11 FCPATH\index.php(59): CodeIgniter\Boot::bootWeb(Object(Config\Paths))
12 SYSTEMPATH\rewrite.php(44): require_once('C:\\xampp\\htdocs\\CCIS-portal\\public\\index.php')
CRITICAL - 2025-07-11 07:01:19 --> [Caused by] mysqli_sql_exception: Table 'ccis_portal.course' doesn't exist
in SYSTEMPATH\Database\MySQLi\Connection.php on line 327.
 1 SYSTEMPATH\Database\MySQLi\Connection.php(327): mysqli->query('SELECT `co`.`course_code`, `co`.`course_description`, `co`.`lec_units`, `co`.`lab_units`, `cu`.`year_level`, `cu`.`course_semester`
FROM `course` AS `co`
LEFT JOIN `curriculums` AS `cu` ON `cu`.`course_id` = `co`.`course_id`
ORDER BY `co`.`course_code` ASC', 0)
 2 SYSTEMPATH\Database\BaseConnection.php(738): CodeIgniter\Database\MySQLi\Connection->execute('SELECT `co`.`course_code`, `co`.`course_description`, `co`.`lec_units`, `co`.`lab_units`, `cu`.`year_level`, `cu`.`course_semester`
FROM `course` AS `co`
LEFT JOIN `curriculums` AS `cu` ON `cu`.`course_id` = `co`.`course_id`
ORDER BY `co`.`course_code` ASC')
 3 SYSTEMPATH\Database\BaseConnection.php(652): CodeIgniter\Database\BaseConnection->simpleQuery('SELECT `co`.`course_code`, `co`.`course_description`, `co`.`lec_units`, `co`.`lab_units`, `cu`.`year_level`, `cu`.`course_semester`
FROM `course` AS `co`
LEFT JOIN `curriculums` AS `cu` ON `cu`.`course_id` = `co`.`course_id`
ORDER BY `co`.`course_code` ASC')
 4 SYSTEMPATH\Database\BaseBuilder.php(1649): CodeIgniter\Database\BaseConnection->query('SELECT `co`.`course_code`, `co`.`course_description`, `co`.`lec_units`, `co`.`lab_units`, `cu`.`year_level`, `cu`.`course_semester`
FROM `course` AS `co`
LEFT JOIN `curriculums` AS `cu` ON `cu`.`course_id` = `co`.`course_id`
ORDER BY `co`.`course_code` ASC', [], false)
 5 APPPATH\Models\CurriculumModel.php(25): CodeIgniter\Database\BaseBuilder->get()
 6 APPPATH\Controllers\AdminController.php(612): App\Models\CurriculumModel->getCourses(null, null)
 7 SYSTEMPATH\CodeIgniter.php(933): App\Controllers\AdminController->view_curriculums()
 8 SYSTEMPATH\CodeIgniter.php(507): CodeIgniter\CodeIgniter->runController(Object(App\Controllers\AdminController))
 9 SYSTEMPATH\CodeIgniter.php(354): CodeIgniter\CodeIgniter->handleRequest(null, Object(Config\Cache), false)
10 SYSTEMPATH\Boot.php(334): CodeIgniter\CodeIgniter->run()
11 SYSTEMPATH\Boot.php(67): CodeIgniter\Boot::runCodeIgniter(Object(CodeIgniter\CodeIgniter))
12 FCPATH\index.php(59): CodeIgniter\Boot::bootWeb(Object(Config\Paths))
13 SYSTEMPATH\rewrite.php(44): require_once('C:\\xampp\\htdocs\\CCIS-portal\\public\\index.php')
