ERROR - 2025-07-01 02:01:09 --> Error connecting to the database: mysqli_sql_exception: Access denied for user ''@'localhost' (using password: NO) in C:\xampp\htdocs\CCIS-portal\system\Database\MySQLi\Connection.php:201
Stack trace:
#0 C:\xampp\htdocs\CCIS-portal\system\Database\MySQLi\Connection.php(201): mysqli->real_connect('localhost', '', Object(SensitiveParameterValue), '', 3306, '', 0)
#1 C:\xampp\htdocs\CCIS-portal\system\Database\BaseConnection.php(421): CodeIgniter\Database\MySQLi\Connection->connect(false)
#2 C:\xampp\htdocs\CCIS-portal\system\Database\BaseConnection.php(620): CodeIgniter\Database\BaseConnection->initialize()
#3 C:\xampp\htdocs\CCIS-portal\system\Database\BaseBuilder.php(2848): CodeIgniter\Database\BaseConnection->query('DELETE FROM `us...', Array, false)
#4 C:\xampp\htdocs\CCIS-portal\system\Model.php(521): CodeIgniter\Database\BaseBuilder->delete()
#5 C:\xampp\htdocs\CCIS-portal\system\BaseModel.php(1161): CodeIgniter\Model->doDelete(NULL, false)
#6 C:\xampp\htdocs\CCIS-portal\app\Models\ForgotPasswordModel.php(14): CodeIgniter\BaseModel->delete()
#7 C:\xampp\htdocs\CCIS-portal\app\Controllers\Password.php(39): App\Models\ForgotPasswordModel->deleteByEmail('skdausen@gmail....')
#8 C:\xampp\htdocs\CCIS-portal\system\CodeIgniter.php(933): App\Controllers\Password->sendOtp()
#9 C:\xampp\htdocs\CCIS-portal\system\CodeIgniter.php(507): CodeIgniter\CodeIgniter->runController(Object(App\Controllers\Password))
#10 C:\xampp\htdocs\CCIS-portal\system\CodeIgniter.php(354): CodeIgniter\CodeIgniter->handleRequest(NULL, Object(Config\Cache), false)
#11 C:\xampp\htdocs\CCIS-portal\system\Boot.php(334): CodeIgniter\CodeIgniter->run()
#12 C:\xampp\htdocs\CCIS-portal\system\Boot.php(67): CodeIgniter\Boot::runCodeIgniter(Object(CodeIgniter\CodeIgniter))
#13 C:\xampp\htdocs\CCIS-portal\public\index.php(59): CodeIgniter\Boot::bootWeb(Object(Config\Paths))
#14 C:\xampp\htdocs\CCIS-portal\system\rewrite.php(44): require_once('C:\\xampp\\htdocs...')
#15 {main}

Next CodeIgniter\Database\Exceptions\DatabaseException: Access denied for user ''@'localhost' (using password: NO) in C:\xampp\htdocs\CCIS-portal\system\Database\MySQLi\Connection.php:246
Stack trace:
#0 C:\xampp\htdocs\CCIS-portal\system\Database\BaseConnection.php(421): CodeIgniter\Database\MySQLi\Connection->connect(false)
#1 C:\xampp\htdocs\CCIS-portal\system\Database\BaseConnection.php(620): CodeIgniter\Database\BaseConnection->initialize()
#2 C:\xampp\htdocs\CCIS-portal\system\Database\BaseBuilder.php(2848): CodeIgniter\Database\BaseConnection->query('DELETE FROM `us...', Array, false)
#3 C:\xampp\htdocs\CCIS-portal\system\Model.php(521): CodeIgniter\Database\BaseBuilder->delete()
#4 C:\xampp\htdocs\CCIS-portal\system\BaseModel.php(1161): CodeIgniter\Model->doDelete(NULL, false)
#5 C:\xampp\htdocs\CCIS-portal\app\Models\ForgotPasswordModel.php(14): CodeIgniter\BaseModel->delete()
#6 C:\xampp\htdocs\CCIS-portal\app\Controllers\Password.php(39): App\Models\ForgotPasswordModel->deleteByEmail('skdausen@gmail....')
#7 C:\xampp\htdocs\CCIS-portal\system\CodeIgniter.php(933): App\Controllers\Password->sendOtp()
#8 C:\xampp\htdocs\CCIS-portal\system\CodeIgniter.php(507): CodeIgniter\CodeIgniter->runController(Object(App\Controllers\Password))
#9 C:\xampp\htdocs\CCIS-portal\system\CodeIgniter.php(354): CodeIgniter\CodeIgniter->handleRequest(NULL, Object(Config\Cache), false)
#10 C:\xampp\htdocs\CCIS-portal\system\Boot.php(334): CodeIgniter\CodeIgniter->run()
#11 C:\xampp\htdocs\CCIS-portal\system\Boot.php(67): CodeIgniter\Boot::runCodeIgniter(Object(CodeIgniter\CodeIgniter))
#12 C:\xampp\htdocs\CCIS-portal\public\index.php(59): CodeIgniter\Boot::bootWeb(Object(Config\Paths))
#13 C:\xampp\htdocs\CCIS-portal\system\rewrite.php(44): require_once('C:\\xampp\\htdocs...')
#14 {main}
CRITICAL - 2025-07-01 02:01:09 --> CodeIgniter\Database\Exceptions\DatabaseException: Unable to connect to the database.
Main connection [MySQLi]: Access denied for user ''@'localhost' (using password: NO)
[Method: POST, Route: send_otp]
in SYSTEMPATH\Database\BaseConnection.php on line 467.
 1 SYSTEMPATH\Database\BaseConnection.php(620): CodeIgniter\Database\BaseConnection->initialize()
 2 SYSTEMPATH\Database\BaseBuilder.php(2848): CodeIgniter\Database\BaseConnection->query('DELETE FROM `users`
WHERE `email` = :email:', [...], false)
 3 SYSTEMPATH\Model.php(521): CodeIgniter\Database\BaseBuilder->delete()
 4 SYSTEMPATH\BaseModel.php(1161): CodeIgniter\Model->doDelete(null, false)
 5 APPPATH\Models\ForgotPasswordModel.php(14): CodeIgniter\BaseModel->delete()
 6 APPPATH\Controllers\Password.php(39): App\Models\ForgotPasswordModel->deleteByEmail('skdausen@gmail.com')
 7 SYSTEMPATH\CodeIgniter.php(933): App\Controllers\Password->sendOtp()
 8 SYSTEMPATH\CodeIgniter.php(507): CodeIgniter\CodeIgniter->runController(Object(App\Controllers\Password))
 9 SYSTEMPATH\CodeIgniter.php(354): CodeIgniter\CodeIgniter->handleRequest(null, Object(Config\Cache), false)
10 SYSTEMPATH\Boot.php(334): CodeIgniter\CodeIgniter->run()
11 SYSTEMPATH\Boot.php(67): CodeIgniter\Boot::runCodeIgniter(Object(CodeIgniter\CodeIgniter))
12 FCPATH\index.php(59): CodeIgniter\Boot::bootWeb(Object(Config\Paths))
13 SYSTEMPATH\rewrite.php(44): require_once('C:\\xampp\\htdocs\\CCIS-portal\\public\\index.php')
ERROR - 2025-07-01 02:24:43 --> Error connecting to the database: mysqli_sql_exception: Access denied for user ''@'localhost' (using password: NO) in C:\xampp\htdocs\CCIS-portal\system\Database\MySQLi\Connection.php:201
Stack trace:
#0 C:\xampp\htdocs\CCIS-portal\system\Database\MySQLi\Connection.php(201): mysqli->real_connect('localhost', '', Object(SensitiveParameterValue), '', 3306, '', 0)
#1 C:\xampp\htdocs\CCIS-portal\system\Database\BaseConnection.php(421): CodeIgniter\Database\MySQLi\Connection->connect(false)
#2 C:\xampp\htdocs\CCIS-portal\system\Database\BaseConnection.php(620): CodeIgniter\Database\BaseConnection->initialize()
#3 C:\xampp\htdocs\CCIS-portal\system\Database\BaseBuilder.php(2848): CodeIgniter\Database\BaseConnection->query('DELETE FROM `tr...', Array, false)
#4 C:\xampp\htdocs\CCIS-portal\system\Model.php(521): CodeIgniter\Database\BaseBuilder->delete()
#5 C:\xampp\htdocs\CCIS-portal\system\BaseModel.php(1161): CodeIgniter\Model->doDelete(NULL, false)
#6 C:\xampp\htdocs\CCIS-portal\app\Models\OtpModel.php(14): CodeIgniter\BaseModel->delete()
#7 C:\xampp\htdocs\CCIS-portal\app\Controllers\Password.php(40): App\Models\OtpModel->deleteByEmail('ccisportal2025@...')
#8 C:\xampp\htdocs\CCIS-portal\system\CodeIgniter.php(933): App\Controllers\Password->sendOtp()
#9 C:\xampp\htdocs\CCIS-portal\system\CodeIgniter.php(507): CodeIgniter\CodeIgniter->runController(Object(App\Controllers\Password))
#10 C:\xampp\htdocs\CCIS-portal\system\CodeIgniter.php(354): CodeIgniter\CodeIgniter->handleRequest(NULL, Object(Config\Cache), false)
#11 C:\xampp\htdocs\CCIS-portal\system\Boot.php(334): CodeIgniter\CodeIgniter->run()
#12 C:\xampp\htdocs\CCIS-portal\system\Boot.php(67): CodeIgniter\Boot::runCodeIgniter(Object(CodeIgniter\CodeIgniter))
#13 C:\xampp\htdocs\CCIS-portal\public\index.php(59): CodeIgniter\Boot::bootWeb(Object(Config\Paths))
#14 C:\xampp\htdocs\CCIS-portal\system\rewrite.php(44): require_once('C:\\xampp\\htdocs...')
#15 {main}

Next CodeIgniter\Database\Exceptions\DatabaseException: Access denied for user ''@'localhost' (using password: NO) in C:\xampp\htdocs\CCIS-portal\system\Database\MySQLi\Connection.php:246
Stack trace:
#0 C:\xampp\htdocs\CCIS-portal\system\Database\BaseConnection.php(421): CodeIgniter\Database\MySQLi\Connection->connect(false)
#1 C:\xampp\htdocs\CCIS-portal\system\Database\BaseConnection.php(620): CodeIgniter\Database\BaseConnection->initialize()
#2 C:\xampp\htdocs\CCIS-portal\system\Database\BaseBuilder.php(2848): CodeIgniter\Database\BaseConnection->query('DELETE FROM `tr...', Array, false)
#3 C:\xampp\htdocs\CCIS-portal\system\Model.php(521): CodeIgniter\Database\BaseBuilder->delete()
#4 C:\xampp\htdocs\CCIS-portal\system\BaseModel.php(1161): CodeIgniter\Model->doDelete(NULL, false)
#5 C:\xampp\htdocs\CCIS-portal\app\Models\OtpModel.php(14): CodeIgniter\BaseModel->delete()
#6 C:\xampp\htdocs\CCIS-portal\app\Controllers\Password.php(40): App\Models\OtpModel->deleteByEmail('ccisportal2025@...')
#7 C:\xampp\htdocs\CCIS-portal\system\CodeIgniter.php(933): App\Controllers\Password->sendOtp()
#8 C:\xampp\htdocs\CCIS-portal\system\CodeIgniter.php(507): CodeIgniter\CodeIgniter->runController(Object(App\Controllers\Password))
#9 C:\xampp\htdocs\CCIS-portal\system\CodeIgniter.php(354): CodeIgniter\CodeIgniter->handleRequest(NULL, Object(Config\Cache), false)
#10 C:\xampp\htdocs\CCIS-portal\system\Boot.php(334): CodeIgniter\CodeIgniter->run()
#11 C:\xampp\htdocs\CCIS-portal\system\Boot.php(67): CodeIgniter\Boot::runCodeIgniter(Object(CodeIgniter\CodeIgniter))
#12 C:\xampp\htdocs\CCIS-portal\public\index.php(59): CodeIgniter\Boot::bootWeb(Object(Config\Paths))
#13 C:\xampp\htdocs\CCIS-portal\system\rewrite.php(44): require_once('C:\\xampp\\htdocs...')
#14 {main}
CRITICAL - 2025-07-01 02:24:43 --> CodeIgniter\Database\Exceptions\DatabaseException: Unable to connect to the database.
Main connection [MySQLi]: Access denied for user ''@'localhost' (using password: NO)
[Method: POST, Route: send_otp]
in SYSTEMPATH\Database\BaseConnection.php on line 467.
 1 SYSTEMPATH\Database\BaseConnection.php(620): CodeIgniter\Database\BaseConnection->initialize()
 2 SYSTEMPATH\Database\BaseBuilder.php(2848): CodeIgniter\Database\BaseConnection->query('DELETE FROM `trial_user`
WHERE `email` = :email:', [...], false)
 3 SYSTEMPATH\Model.php(521): CodeIgniter\Database\BaseBuilder->delete()
 4 SYSTEMPATH\BaseModel.php(1161): CodeIgniter\Model->doDelete(null, false)
 5 APPPATH\Models\OtpModel.php(14): CodeIgniter\BaseModel->delete()
 6 APPPATH\Controllers\Password.php(40): App\Models\OtpModel->deleteByEmail('ccisportal2025@gmail.com')
 7 SYSTEMPATH\CodeIgniter.php(933): App\Controllers\Password->sendOtp()
 8 SYSTEMPATH\CodeIgniter.php(507): CodeIgniter\CodeIgniter->runController(Object(App\Controllers\Password))
 9 SYSTEMPATH\CodeIgniter.php(354): CodeIgniter\CodeIgniter->handleRequest(null, Object(Config\Cache), false)
10 SYSTEMPATH\Boot.php(334): CodeIgniter\CodeIgniter->run()
11 SYSTEMPATH\Boot.php(67): CodeIgniter\Boot::runCodeIgniter(Object(CodeIgniter\CodeIgniter))
12 FCPATH\index.php(59): CodeIgniter\Boot::bootWeb(Object(Config\Paths))
13 SYSTEMPATH\rewrite.php(44): require_once('C:\\xampp\\htdocs\\CCIS-portal\\public\\index.php')
ERROR - 2025-07-01 03:00:14 --> Error connecting to the database: mysqli_sql_exception: Access denied for user ''@'localhost' (using password: NO) in C:\xampp\htdocs\CCIS-portal\system\Database\MySQLi\Connection.php:201
Stack trace:
#0 C:\xampp\htdocs\CCIS-portal\system\Database\MySQLi\Connection.php(201): mysqli->real_connect('localhost', '', Object(SensitiveParameterValue), '', 3306, '', 0)
#1 C:\xampp\htdocs\CCIS-portal\system\Database\BaseConnection.php(421): CodeIgniter\Database\MySQLi\Connection->connect(false)
#2 C:\xampp\htdocs\CCIS-portal\system\Database\BaseConnection.php(620): CodeIgniter\Database\BaseConnection->initialize()
#3 C:\xampp\htdocs\CCIS-portal\system\Database\BaseBuilder.php(2848): CodeIgniter\Database\BaseConnection->query('DELETE FROM `us...', Array, false)
#4 C:\xampp\htdocs\CCIS-portal\system\Model.php(521): CodeIgniter\Database\BaseBuilder->delete()
#5 C:\xampp\htdocs\CCIS-portal\system\BaseModel.php(1161): CodeIgniter\Model->doDelete(NULL, false)
#6 C:\xampp\htdocs\CCIS-portal\app\Models\OtpModel.php(15): CodeIgniter\BaseModel->delete()
#7 C:\xampp\htdocs\CCIS-portal\app\Controllers\Password.php(32): App\Models\OtpModel->deleteByEmail('ccisportal2025@...')
#8 C:\xampp\htdocs\CCIS-portal\system\CodeIgniter.php(933): App\Controllers\Password->sendOtp()
#9 C:\xampp\htdocs\CCIS-portal\system\CodeIgniter.php(507): CodeIgniter\CodeIgniter->runController(Object(App\Controllers\Password))
#10 C:\xampp\htdocs\CCIS-portal\system\CodeIgniter.php(354): CodeIgniter\CodeIgniter->handleRequest(NULL, Object(Config\Cache), false)
#11 C:\xampp\htdocs\CCIS-portal\system\Boot.php(334): CodeIgniter\CodeIgniter->run()
#12 C:\xampp\htdocs\CCIS-portal\system\Boot.php(67): CodeIgniter\Boot::runCodeIgniter(Object(CodeIgniter\CodeIgniter))
#13 C:\xampp\htdocs\CCIS-portal\public\index.php(59): CodeIgniter\Boot::bootWeb(Object(Config\Paths))
#14 C:\xampp\htdocs\CCIS-portal\system\rewrite.php(44): require_once('C:\\xampp\\htdocs...')
#15 {main}

Next CodeIgniter\Database\Exceptions\DatabaseException: Access denied for user ''@'localhost' (using password: NO) in C:\xampp\htdocs\CCIS-portal\system\Database\MySQLi\Connection.php:246
Stack trace:
#0 C:\xampp\htdocs\CCIS-portal\system\Database\BaseConnection.php(421): CodeIgniter\Database\MySQLi\Connection->connect(false)
#1 C:\xampp\htdocs\CCIS-portal\system\Database\BaseConnection.php(620): CodeIgniter\Database\BaseConnection->initialize()
#2 C:\xampp\htdocs\CCIS-portal\system\Database\BaseBuilder.php(2848): CodeIgniter\Database\BaseConnection->query('DELETE FROM `us...', Array, false)
#3 C:\xampp\htdocs\CCIS-portal\system\Model.php(521): CodeIgniter\Database\BaseBuilder->delete()
#4 C:\xampp\htdocs\CCIS-portal\system\BaseModel.php(1161): CodeIgniter\Model->doDelete(NULL, false)
#5 C:\xampp\htdocs\CCIS-portal\app\Models\OtpModel.php(15): CodeIgniter\BaseModel->delete()
#6 C:\xampp\htdocs\CCIS-portal\app\Controllers\Password.php(32): App\Models\OtpModel->deleteByEmail('ccisportal2025@...')
#7 C:\xampp\htdocs\CCIS-portal\system\CodeIgniter.php(933): App\Controllers\Password->sendOtp()
#8 C:\xampp\htdocs\CCIS-portal\system\CodeIgniter.php(507): CodeIgniter\CodeIgniter->runController(Object(App\Controllers\Password))
#9 C:\xampp\htdocs\CCIS-portal\system\CodeIgniter.php(354): CodeIgniter\CodeIgniter->handleRequest(NULL, Object(Config\Cache), false)
#10 C:\xampp\htdocs\CCIS-portal\system\Boot.php(334): CodeIgniter\CodeIgniter->run()
#11 C:\xampp\htdocs\CCIS-portal\system\Boot.php(67): CodeIgniter\Boot::runCodeIgniter(Object(CodeIgniter\CodeIgniter))
#12 C:\xampp\htdocs\CCIS-portal\public\index.php(59): CodeIgniter\Boot::bootWeb(Object(Config\Paths))
#13 C:\xampp\htdocs\CCIS-portal\system\rewrite.php(44): require_once('C:\\xampp\\htdocs...')
#14 {main}
CRITICAL - 2025-07-01 03:00:14 --> CodeIgniter\Database\Exceptions\DatabaseException: Unable to connect to the database.
Main connection [MySQLi]: Access denied for user ''@'localhost' (using password: NO)
[Method: POST, Route: send_otp]
in SYSTEMPATH\Database\BaseConnection.php on line 467.
 1 SYSTEMPATH\Database\BaseConnection.php(620): CodeIgniter\Database\BaseConnection->initialize()
 2 SYSTEMPATH\Database\BaseBuilder.php(2848): CodeIgniter\Database\BaseConnection->query('DELETE FROM `users`
WHERE `email` = :email:', [...], false)
 3 SYSTEMPATH\Model.php(521): CodeIgniter\Database\BaseBuilder->delete()
 4 SYSTEMPATH\BaseModel.php(1161): CodeIgniter\Model->doDelete(null, false)
 5 APPPATH\Models\OtpModel.php(15): CodeIgniter\BaseModel->delete()
 6 APPPATH\Controllers\Password.php(32): App\Models\OtpModel->deleteByEmail('ccisportal2025@gmail.com')
 7 SYSTEMPATH\CodeIgniter.php(933): App\Controllers\Password->sendOtp()
 8 SYSTEMPATH\CodeIgniter.php(507): CodeIgniter\CodeIgniter->runController(Object(App\Controllers\Password))
 9 SYSTEMPATH\CodeIgniter.php(354): CodeIgniter\CodeIgniter->handleRequest(null, Object(Config\Cache), false)
10 SYSTEMPATH\Boot.php(334): CodeIgniter\CodeIgniter->run()
11 SYSTEMPATH\Boot.php(67): CodeIgniter\Boot::runCodeIgniter(Object(CodeIgniter\CodeIgniter))
12 FCPATH\index.php(59): CodeIgniter\Boot::bootWeb(Object(Config\Paths))
13 SYSTEMPATH\rewrite.php(44): require_once('C:\\xampp\\htdocs\\CCIS-portal\\public\\index.php')
