CRITICAL - 2025-06-30 14:55:30 --> ErrorException: Undefined variable $csrf_token
[Method: GET, Route: forgot_password]
in APPPATH\Views\pages\forgot_password.php on line 5.
 1 APPPATH\Views\pages\forgot_password.php(5): CodeIgniter\Debug\Exceptions->errorHandler(2, 'Undefined variable $csrf_token', 'C:\\xampp\\htdocs\\CCIS-portal\\app\\Views\\pages\\forgot_password.php', 5)
 2 SYSTEMPATH\View\View.php(224): include('C:\\xampp\\htdocs\\CCIS-portal\\app\\Views\\pages\\forgot_password.php')
 3 SYSTEMPATH\View\View.php(227): CodeIgniter\View\View->CodeIgniter\View\{closure}()
 4 SYSTEMPATH\Common.php(1173): CodeIgniter\View\View->render('pages/forgot_password', [], true)
 5 APPPATH\Controllers\Pages.php(24): view('pages/forgot_password')
 6 SYSTEMPATH\CodeIgniter.php(933): App\Controllers\Pages->view('forgot_password')
 7 SYSTEMPATH\CodeIgniter.php(507): CodeIgniter\CodeIgniter->runController(Object(App\Controllers\Pages))
 8 SYSTEMPATH\CodeIgniter.php(354): CodeIgniter\CodeIgniter->handleRequest(null, Object(Config\Cache), false)
 9 SYSTEMPATH\Boot.php(334): CodeIgniter\CodeIgniter->run()
10 SYSTEMPATH\Boot.php(67): CodeIgniter\Boot::runCodeIgniter(Object(CodeIgniter\CodeIgniter))
11 FCPATH\index.php(59): CodeIgniter\Boot::bootWeb(Object(Config\Paths))
12 SYSTEMPATH\rewrite.php(44): require_once('C:\\xampp\\htdocs\\CCIS-portal\\public\\index.php')
CRITICAL - 2025-06-30 14:56:36 --> ErrorException: Undefined variable $csrf_token
[Method: GET, Route: forgot_password]
in APPPATH\Views\pages\forgot_password.php on line 6.
 1 APPPATH\Views\pages\forgot_password.php(6): CodeIgniter\Debug\Exceptions->errorHandler(2, 'Undefined variable $csrf_token', 'C:\\xampp\\htdocs\\CCIS-portal\\app\\Views\\pages\\forgot_password.php', 6)
 2 SYSTEMPATH\View\View.php(224): include('C:\\xampp\\htdocs\\CCIS-portal\\app\\Views\\pages\\forgot_password.php')
 3 SYSTEMPATH\View\View.php(227): CodeIgniter\View\View->CodeIgniter\View\{closure}()
 4 SYSTEMPATH\Common.php(1173): CodeIgniter\View\View->render('pages/forgot_password', [], true)
 5 APPPATH\Controllers\Pages.php(24): view('pages/forgot_password')
 6 SYSTEMPATH\CodeIgniter.php(933): App\Controllers\Pages->view('forgot_password')
 7 SYSTEMPATH\CodeIgniter.php(507): CodeIgniter\CodeIgniter->runController(Object(App\Controllers\Pages))
 8 SYSTEMPATH\CodeIgniter.php(354): CodeIgniter\CodeIgniter->handleRequest(null, Object(Config\Cache), false)
 9 SYSTEMPATH\Boot.php(334): CodeIgniter\CodeIgniter->run()
10 SYSTEMPATH\Boot.php(67): CodeIgniter\Boot::runCodeIgniter(Object(CodeIgniter\CodeIgniter))
11 FCPATH\index.php(59): CodeIgniter\Boot::bootWeb(Object(Config\Paths))
12 SYSTEMPATH\rewrite.php(44): require_once('C:\\xampp\\htdocs\\CCIS-portal\\public\\index.php')
CRITICAL - 2025-06-30 14:56:39 --> ErrorException: Undefined variable $csrf_token
[Method: GET, Route: forgot_password]
in APPPATH\Views\pages\forgot_password.php on line 6.
 1 APPPATH\Views\pages\forgot_password.php(6): CodeIgniter\Debug\Exceptions->errorHandler(2, 'Undefined variable $csrf_token', 'C:\\xampp\\htdocs\\CCIS-portal\\app\\Views\\pages\\forgot_password.php', 6)
 2 SYSTEMPATH\View\View.php(224): include('C:\\xampp\\htdocs\\CCIS-portal\\app\\Views\\pages\\forgot_password.php')
 3 SYSTEMPATH\View\View.php(227): CodeIgniter\View\View->CodeIgniter\View\{closure}()
 4 SYSTEMPATH\Common.php(1173): CodeIgniter\View\View->render('pages/forgot_password', [], true)
 5 APPPATH\Controllers\Pages.php(24): view('pages/forgot_password')
 6 SYSTEMPATH\CodeIgniter.php(933): App\Controllers\Pages->view('forgot_password')
 7 SYSTEMPATH\CodeIgniter.php(507): CodeIgniter\CodeIgniter->runController(Object(App\Controllers\Pages))
 8 SYSTEMPATH\CodeIgniter.php(354): CodeIgniter\CodeIgniter->handleRequest(null, Object(Config\Cache), false)
 9 SYSTEMPATH\Boot.php(334): CodeIgniter\CodeIgniter->run()
10 SYSTEMPATH\Boot.php(67): CodeIgniter\Boot::runCodeIgniter(Object(CodeIgniter\CodeIgniter))
11 FCPATH\index.php(59): CodeIgniter\Boot::bootWeb(Object(Config\Paths))
12 SYSTEMPATH\rewrite.php(44): require_once('C:\\xampp\\htdocs\\CCIS-portal\\public\\index.php')
